#
# A fatal error has been detected by the Java Runtime Environment:
#
#  EXCEPTION_ACCESS_VIOLATION (0xc0000005) at pc=0x00007ffa9ae0e0a9, pid=13956, tid=2664
#
# JRE version: OpenJDK Runtime Environment Microsoft-8035246 (17.0.8+7) (build 17.0.8+7-LTS)
# Java VM: OpenJDK 64-Bit Server VM Microsoft-8035246 (17.0.8+7-LTS, mixed mode, sharing, tiered, compressed oops, compressed class ptrs, g1 gc, windows-amd64)
# Problematic frame:
# V  [jvm.dll+0x2be0a9]
#
# No core dump will be written. Minidumps are not enabled by default on client versions of Windows
#
# If you would like to submit a bug report, please visit:
#   https://github.com/microsoft/openjdk/issues
#

---------------  S U M M A R Y ------------

Command Line: -XX:MaxMetaspaceSize=512m --add-opens=java.base/java.util=ALL-UNNAMED --add-opens=java.base/java.lang=ALL-UNNAMED --add-opens=java.base/java.lang.invoke=ALL-UNNAMED --add-opens=java.prefs/java.util.prefs=ALL-UNNAMED --add-opens=java.base/java.nio.charset=ALL-UNNAMED --add-opens=java.base/java.net=ALL-UNNAMED --add-opens=java.base/java.util.concurrent.atomic=ALL-UNNAMED -Xmx2048m -Dfile.encoding=windows-1252 -Duser.country=US -Duser.language=en -Duser.variant -javaagent:C:\Users\Fast laptop\.gradle\wrapper\dists\gradle-8.3-all\6en3ugtfdg5xnpx44z4qbwgas\gradle-8.3\lib\agents\gradle-instrumentation-agent-8.3.jar org.gradle.launcher.daemon.bootstrap.GradleDaemon 8.3

Host: Intel(R) Core(TM) i5-4300U CPU @ 1.90GHz, 4 cores, 7G,  Windows 10 , 64 bit Build 19041 (10.0.19041.3636)
Time: Tue Feb  6 09:48:33 2024 Pakistan Standard Time elapsed time: 188.331150 seconds (0d 0h 3m 8s)

---------------  T H R E A D  ---------------

Current thread (0x00000275dc06f920):  JavaThread "C2 CompilerThread1" daemon [_thread_in_native, id=2664, stack(0x000000eb63c00000,0x000000eb63d00000)]


Current CompileTask:
C2: 188331 17333   !   4       org.gradle.cache.internal.DefaultMultiProcessSafeIndexedCache::getIfPresent (25 bytes)

Stack: [0x000000eb63c00000,0x000000eb63d00000],  sp=0x000000eb63cfb500,  free space=1005k
Native frames: (J=compiled Java code, j=interpreted, Vv=VM code, C=native code)
V  [jvm.dll+0x2be0a9]
V  [jvm.dll+0x21ba8b]
V  [jvm.dll+0x21944b]
V  [jvm.dll+0x1a56b6]
V  [jvm.dll+0x2291ea]
V  [jvm.dll+0x22724c]
V  [jvm.dll+0x7efd0c]
V  [jvm.dll+0x7ea13a]
V  [jvm.dll+0x67ad85]
C  [ucrtbase.dll+0x21bb2]
C  [KERNEL32.DLL+0x17344]
C  [ntdll.dll+0x526b1]


siginfo: EXCEPTION_ACCESS_VIOLATION (0xc0000005), reading address 0x0000000000000028


Register to memory mapping:

RIP=0x00007ffa9ae0e0a9 jvm.dll
RAX=0x00000275d90df6c0 points into unknown readable memory: 0x0000000000000000 | 00 00 00 00 00 00 00 00
RBX=0x0000000000001921 is an unknown value
RCX=0x0 is NULL
RDX=0x0 is NULL
RSP=0x000000eb63cfb500 is pointing into the stack for thread: 0x00000275dc06f920
RBP=0x000000eb63cfb570 is pointing into the stack for thread: 0x00000275dc06f920
RSI=0x0 is NULL
RDI=0x0000000000000051 is an unknown value
R8 =0x000000000000ffe0 is an unknown value
R9 =0x0 is NULL
R10=0x00007ffad1be0000 VCRUNTIME140.dll
R11=0x00000275d90df6e0 points into unknown readable memory: 0x0000000000000000 | 00 00 00 00 00 00 00 00
R12=0x0000000000000050 is an unknown value
R13=0x0 is NULL
R14=0x0 is NULL
R15=0x000000eb63cfe720 is pointing into the stack for thread: 0x00000275dc06f920


Registers:
RAX=0x00000275d90df6c0, RBX=0x0000000000001921, RCX=0x0000000000000000, RDX=0x0000000000000000
RSP=0x000000eb63cfb500, RBP=0x000000eb63cfb570, RSI=0x0000000000000000, RDI=0x0000000000000051
R8 =0x000000000000ffe0, R9 =0x0000000000000000, R10=0x00007ffad1be0000, R11=0x00000275d90df6e0
R12=0x0000000000000050, R13=0x0000000000000000, R14=0x0000000000000000, R15=0x000000eb63cfe720
RIP=0x00007ffa9ae0e0a9, EFLAGS=0x0000000000010202

Top of Stack: (sp=0x000000eb63cfb500)
0x000000eb63cfb500:   0000000000001921 0000000000000000
0x000000eb63cfb510:   000000eb63cfe720 00007ffa9ad738d1
0x000000eb63cfb520:   00000275d93b90f0 00007ffa00002000
0x000000eb63cfb530:   00000275d90df6c0 000000eb00000000
0x000000eb63cfb540:   0000000000000002 00000275d7f00c10
0x000000eb63cfb550:   0000000000000002 00000275d93b90f0
0x000000eb63cfb560:   0000000000000000 0000000000000000
0x000000eb63cfb570:   00000275db13d380 0000027597779b90
0x000000eb63cfb580:   0000000000000051 00007ffa9b494c08
0x000000eb63cfb590:   000000eb63cfb6a0 00007ffa9ad6ba8b
0x000000eb63cfb5a0:   000000eb63cfe720 00007ffa9b494c08
0x000000eb63cfb5b0:   000000eb63cfe720 000000eb63cfb6a0
0x000000eb63cfb5c0:   0000027500000000 00007ffa9b16b7fb
0x000000eb63cfb5d0:   000000eb0000000f 000000eb63cfe720
0x000000eb63cfb5e0:   000000eb63cfb750 0000000000000000
0x000000eb63cfb5f0:   0000027500000100 00007ffa9b494c08 

Instructions: (pc=0x00007ffa9ae0e0a9)
0x00007ffa9ae0dfa9:   3b d0 75 0b ff c1 41 3b c9 7c dc 48 8b c2 c3 33
0x00007ffa9ae0dfb9:   c0 c3 cc cc cc cc cc 48 89 5c 24 18 55 56 57 41
0x00007ffa9ae0dfc9:   55 41 57 48 8b ec 48 83 ec 70 65 48 8b 04 25 58
0x00007ffa9ae0dfd9:   00 00 00 48 8b f2 44 8b 05 d2 8b 90 00 4c 8b f9
0x00007ffa9ae0dfe9:   4a 8b 1c c0 b8 50 00 00 00 80 3c 18 00 75 05 e8
0x00007ffa9ae0dff9:   8b 6f 5d 00 b8 20 00 00 00 48 8b 04 18 48 8b 98
0x00007ffa9ae0e009:   38 02 00 00 48 89 5d b0 c7 45 b8 04 00 00 00 48
0x00007ffa9ae0e019:   8b 43 18 48 83 f8 df 76 18 4c 8d 05 37 a9 65 00
0x00007ffa9ae0e029:   ba 20 00 00 00 48 8b cb e8 5a eb de ff 48 8b 43
0x00007ffa9ae0e039:   18 48 8d 48 20 48 3b 4b 20 76 11 45 33 c0 48 8b
0x00007ffa9ae0e049:   cb 41 8d 50 20 e8 fd e8 de ff eb 04 48 89 4b 18
0x00007ffa9ae0e059:   44 8b 45 b8 33 d2 49 c1 e0 03 48 8b c8 48 89 45
0x00007ffa9ae0e069:   c0 e8 e3 80 5d 00 45 33 ed 48 8d 4d d0 44 89 6d
0x00007ffa9ae0e079:   c8 e8 01 59 56 00 41 8b 9f 40 02 00 00 41 2b 9f
0x00007ffa9ae0e089:   68 02 00 00 44 89 6d f0 3b 5d b8 72 0b 8b d3 48
0x00007ffa9ae0e099:   8d 4d b0 e8 6f b3 39 00 48 8b 45 c0 4c 89 2c d8
0x00007ffa9ae0e0a9:   8b 7e 28 8b df c1 eb 05 3b 5d d0 72 0b 8b d3 48
0x00007ffa9ae0e0b9:   8d 4d d0 e8 1f 59 56 00 48 8b 45 d8 83 e7 1f 48
0x00007ffa9ae0e0c9:   8d 14 98 40 0f b6 cf 41 b8 01 00 00 00 41 d3 e0
0x00007ffa9ae0e0d9:   8b 0a 8b c1 41 0b c0 89 02 41 85 c8 75 21 8b 5d
0x00007ffa9ae0e0e9:   c8 8d 43 01 89 45 c8 3b 5d b8 72 0b 8b d3 48 8d
0x00007ffa9ae0e0f9:   4d b0 e8 10 b3 39 00 48 8b 45 c0 48 89 34 d8 44
0x00007ffa9ae0e109:   39 6d c8 0f 86 77 01 00 00 4c 89 a4 24 a0 00 00
0x00007ffa9ae0e119:   00 4c 89 b4 24 a8 00 00 00 48 8b 45 c0 41 8b cd
0x00007ffa9ae0e129:   48 8b 34 c8 8b 46 2c 25 ff 1f 00 00 3d 04 10 00
0x00007ffa9ae0e139:   00 0f 85 a7 00 00 00 bb 01 00 00 00 39 5e 18 76
0x00007ffa9ae0e149:   39 66 0f 1f 44 00 00 48 8b 46 08 8b cb 48 8b 14
0x00007ffa9ae0e159:   c8 48 85 d2 74 1d 48 83 7a 10 00 74 16 80 7a 2c
0x00007ffa9ae0e169:   84 74 10 e8 7f 7e ee ff 48 8b d0 49 8b cf e8 a4
0x00007ffa9ae0e179:   61 f6 ff ff c3 3b 5e 18 72 cd 48 8b 5e 10 8b 46
0x00007ffa9ae0e189:   20 4c 8d 34 c3 49 3b de 73 54 48 8b 3b 8b 47 2c
0x00007ffa9ae0e199:   83 e0 03 3c 03 75 2e 48 8b 07 48 8b cf ff 90 88 


Stack slot to memory mapping:
stack at sp + 0 slots: 0x0000000000001921 is an unknown value
stack at sp + 1 slots: 0x0 is NULL
stack at sp + 2 slots: 0x000000eb63cfe720 is pointing into the stack for thread: 0x00000275dc06f920
stack at sp + 3 slots: 0x00007ffa9ad738d1 jvm.dll
stack at sp + 4 slots: 0x00000275d93b90f0 points into unknown readable memory: 0x0000000000000006 | 06 00 00 00 00 00 00 00
stack at sp + 5 slots: 0x00007ffa00002000 is an unknown value
stack at sp + 6 slots: 0x00000275d90df6c0 points into unknown readable memory: 0x0000000000000000 | 00 00 00 00 00 00 00 00
stack at sp + 7 slots: 0x000000eb00000000 is an unknown value


---------------  P R O C E S S  ---------------

Threads class SMR info:
_java_thread_list=0x00000275e13a67b0, length=94, elements={
0x0000027597760be0, 0x00000275b72638d0, 0x00000275b7264660, 0x00000275b727b6a0,
0x00000275b727ef90, 0x00000275b727f860, 0x00000275b7280130, 0x00000275b7280d30,
0x00000275b7281640, 0x00000275b72e9160, 0x00000275b724e170, 0x00000275b75e3bd0,
0x00000275b7fa5f00, 0x00000275d79152a0, 0x00000275b7d10890, 0x00000275d7178180,
0x00000275d7284ab0, 0x00000275d765a400, 0x00000275d765a910, 0x00000275d765c260,
0x00000275d765cc80, 0x00000275d76594d0, 0x00000275d76599e0, 0x00000275d765c770,
0x00000275d765ae20, 0x00000275d765b330, 0x00000275d765bd50, 0x00000275d765b840,
0x00000275d8743fa0, 0x00000275d87444b0, 0x00000275d8748b90, 0x00000275d8749fd0,
0x00000275d8747750, 0x00000275d874a4e0, 0x00000275d8749ac0, 0x00000275d874af00,
0x00000275d87449c0, 0x00000275d8747c60, 0x00000275d8746310, 0x00000275d8746820,
0x00000275d8748170, 0x00000275d874b920, 0x00000275d8745e00, 0x00000275d8744ed0,
0x00000275d8747240, 0x00000275d8748680, 0x00000275d87453e0, 0x00000275d8a0d570,
0x00000275d8a10300, 0x00000275d8a149e0, 0x00000275d8a135a0, 0x00000275d8a0fdf0,
0x00000275d8a0da80, 0x00000275d8a10d20, 0x00000275d8a11c50, 0x00000275d8a12670,
0x00000275d8a12b80, 0x00000275d8a13ab0, 0x00000275d8a13fc0, 0x00000275d8a0f3d0,
0x00000275d8a0e4a0, 0x00000275d8a0f8e0, 0x00000275dbfcbba0, 0x00000275dbfc8900,
0x00000275dbfc4730, 0x00000275dbfca760, 0x00000275dbfcc0b0, 0x00000275dbfc74c0,
0x00000275dbfc8e10, 0x00000275dbfc6590, 0x00000275dbfc9830, 0x00000275dbfc6aa0,
0x00000275d8a0df90, 0x00000275d8a10810, 0x00000275dbfc6080, 0x00000275d7659ef0,
0x00000275e3ae7d10, 0x00000275e3aee250, 0x00000275e3aed320, 0x00000275e3aed830,
0x00000275e3ae9150, 0x00000275e3aea080, 0x00000275e3ae72f0, 0x00000275e3ae8220,
0x00000275e3aedd40, 0x00000275e3ae8c40, 0x00000275e3aee760, 0x00000275e3aebee0,
0x00000275e3aeec70, 0x00000275e3aec900, 0x00000275e3aeaaa0, 0x00000275e3aeb4c0,
0x00000275e3ae9660, 0x00000275dc06f920
}

Java Threads: ( => current thread )
  0x0000027597760be0 JavaThread "main" [_thread_blocked, id=13128, stack(0x000000eb60100000,0x000000eb60200000)]
  0x00000275b72638d0 JavaThread "Reference Handler" daemon [_thread_blocked, id=15452, stack(0x000000eb60800000,0x000000eb60900000)]
  0x00000275b7264660 JavaThread "Finalizer" daemon [_thread_blocked, id=9256, stack(0x000000eb60900000,0x000000eb60a00000)]
  0x00000275b727b6a0 JavaThread "Signal Dispatcher" daemon [_thread_blocked, id=800, stack(0x000000eb60a00000,0x000000eb60b00000)]
  0x00000275b727ef90 JavaThread "Attach Listener" daemon [_thread_blocked, id=10820, stack(0x000000eb60b00000,0x000000eb60c00000)]
  0x00000275b727f860 JavaThread "Service Thread" daemon [_thread_blocked, id=9604, stack(0x000000eb60c00000,0x000000eb60d00000)]
  0x00000275b7280130 JavaThread "Monitor Deflation Thread" daemon [_thread_blocked, id=6544, stack(0x000000eb60d00000,0x000000eb60e00000)]
  0x00000275b7280d30 JavaThread "C2 CompilerThread0" daemon [_thread_in_vm, id=6028, stack(0x000000eb60e00000,0x000000eb60f00000)]
  0x00000275b7281640 JavaThread "C1 CompilerThread0" daemon [_thread_blocked, id=1720, stack(0x000000eb60f00000,0x000000eb61000000)]
  0x00000275b72e9160 JavaThread "Sweeper thread" daemon [_thread_blocked, id=14556, stack(0x000000eb61000000,0x000000eb61100000)]
  0x00000275b724e170 JavaThread "Common-Cleaner" daemon [_thread_blocked, id=10112, stack(0x000000eb61100000,0x000000eb61200000)]
  0x00000275b75e3bd0 JavaThread "Notification Thread" daemon [_thread_blocked, id=16032, stack(0x000000eb61200000,0x000000eb61300000)]
  0x00000275b7fa5f00 JavaThread "Daemon health stats" [_thread_blocked, id=6336, stack(0x000000eb61700000,0x000000eb61800000)]
  0x00000275d79152a0 JavaThread "Incoming local TCP Connector on port 49952" [_thread_in_native, id=10640, stack(0x000000eb61800000,0x000000eb61900000)]
  0x00000275b7d10890 JavaThread "Daemon periodic checks" [_thread_blocked, id=5732, stack(0x000000eb61900000,0x000000eb61a00000)]
  0x00000275d7178180 JavaThread "Daemon" [_thread_blocked, id=12456, stack(0x000000eb61a00000,0x000000eb61b00000)]
  0x00000275d7284ab0 JavaThread "Handler for socket connection from /127.0.0.1:49952 to /127.0.0.1:49953" [_thread_in_native, id=752, stack(0x000000eb61b00000,0x000000eb61c00000)]
  0x00000275d765a400 JavaThread "Cancel handler" [_thread_blocked, id=6388, stack(0x000000eb61c00000,0x000000eb61d00000)]
  0x00000275d765a910 JavaThread "Daemon worker" [_thread_blocked, id=9936, stack(0x000000eb61d00000,0x000000eb61e00000)]
  0x00000275d765c260 JavaThread "Asynchronous log dispatcher for DefaultDaemonConnection: socket connection from /127.0.0.1:49952 to /127.0.0.1:49953" [_thread_blocked, id=7888, stack(0x000000eb61e00000,0x000000eb61f00000)]
  0x00000275d765cc80 JavaThread "Stdin handler" [_thread_blocked, id=9104, stack(0x000000eb61f00000,0x000000eb62000000)]
  0x00000275d76594d0 JavaThread "Daemon client event forwarder" [_thread_blocked, id=8700, stack(0x000000eb62000000,0x000000eb62100000)]
  0x00000275d76599e0 JavaThread "Cache worker for journal cache (C:\Users\Fast laptop\.gradle\caches\journal-1)" [_thread_blocked, id=14936, stack(0x000000eb62100000,0x000000eb62200000)]
  0x00000275d765c770 JavaThread "File lock request listener" [_thread_in_native, id=14096, stack(0x000000eb62200000,0x000000eb62300000)]
  0x00000275d765ae20 JavaThread "Cache worker for file hash cache (C:\Users\Fast laptop\.gradle\caches\8.3\fileHashes)" [_thread_blocked, id=13160, stack(0x000000eb62300000,0x000000eb62400000)]
  0x00000275d765b330 JavaThread "File watcher server" daemon [_thread_in_native, id=13980, stack(0x000000eb62400000,0x000000eb62500000)]
  0x00000275d765bd50 JavaThread "File watcher consumer" daemon [_thread_blocked, id=13804, stack(0x000000eb62500000,0x000000eb62600000)]
  0x00000275d765b840 JavaThread "Cache worker for checksums cache (F:\BootCamp\advanced\petAdoptionApplication\android\.gradle\8.3\checksums)" [_thread_blocked, id=3816, stack(0x000000eb62600000,0x000000eb62700000)]
  0x00000275d8743fa0 JavaThread "Cache worker for file hash cache (F:\BootCamp\advanced\petAdoptionApplication\android\.gradle\8.3\fileHashes)" [_thread_blocked, id=6320, stack(0x000000eb62700000,0x000000eb62800000)]
  0x00000275d87444b0 JavaThread "Cache worker for cache directory md-supplier (C:\Users\Fast laptop\.gradle\caches\8.3\md-supplier)" [_thread_blocked, id=8568, stack(0x000000eb62800000,0x000000eb62900000)]
  0x00000275d8748b90 JavaThread "Cache worker for file content cache (C:\Users\Fast laptop\.gradle\caches\8.3\fileContent)" [_thread_blocked, id=11700, stack(0x000000eb62900000,0x000000eb62a00000)]
  0x00000275d8749fd0 JavaThread "Cache worker for cache directory md-rule (C:\Users\Fast laptop\.gradle\caches\8.3\md-rule)" [_thread_blocked, id=7684, stack(0x000000eb62b00000,0x000000eb62c00000)]
  0x00000275d8747750 JavaThread "Cache worker for execution history cache (C:\Users\Fast laptop\.gradle\caches\8.3\executionHistory)" [_thread_blocked, id=6532, stack(0x000000eb62c00000,0x000000eb62d00000)]
  0x00000275d874a4e0 JavaThread "jar transforms" [_thread_blocked, id=16048, stack(0x000000eb62d00000,0x000000eb62e00000)]
  0x00000275d8749ac0 JavaThread "jar transforms Thread 2" [_thread_blocked, id=2520, stack(0x000000eb62e00000,0x000000eb62f00000)]
  0x00000275d874af00 JavaThread "jar transforms Thread 3" [_thread_blocked, id=11216, stack(0x000000eb62f00000,0x000000eb63000000)]
  0x00000275d87449c0 JavaThread "jar transforms Thread 4" [_thread_blocked, id=10340, stack(0x000000eb63000000,0x000000eb63100000)]
  0x00000275d8747c60 JavaThread "Cache worker for kotlin-dsl (C:\Users\Fast laptop\.gradle\caches\8.3\kotlin-dsl)" [_thread_blocked, id=2776, stack(0x000000eb5ff00000,0x000000eb60000000)]
  0x00000275d8746310 JavaThread "Unconstrained build operations" [_thread_blocked, id=16216, stack(0x000000eb63300000,0x000000eb63400000)]
  0x00000275d8746820 JavaThread "Unconstrained build operations Thread 2" [_thread_blocked, id=1296, stack(0x000000eb63400000,0x000000eb63500000)]
  0x00000275d8748170 JavaThread "Cache worker for dependencies-accessors (F:\BootCamp\advanced\petAdoptionApplication\android\.gradle\8.3\dependencies-accessors)" [_thread_blocked, id=9488, stack(0x000000eb63500000,0x000000eb63600000)]
  0x00000275d874b920 JavaThread "Cache worker for Build Output Cleanup Cache (F:\BootCamp\advanced\petAdoptionApplication\node_modules\@react-native\gradle-plugin\.gradle\buildOutputCleanup)" [_thread_blocked, id=16356, stack(0x000000eb63600000,0x000000eb63700000)]
  0x00000275d8745e00 JavaThread "Unconstrained build operations Thread 3" [_thread_blocked, id=3388, stack(0x000000eb63700000,0x000000eb63800000)]
  0x00000275d8744ed0 JavaThread "Unconstrained build operations Thread 4" [_thread_blocked, id=7816, stack(0x000000eb63800000,0x000000eb63900000)]
  0x00000275d8747240 JavaThread "Unconstrained build operations Thread 5" [_thread_blocked, id=13696, stack(0x000000eb63900000,0x000000eb63a00000)]
  0x00000275d8748680 JavaThread "Memory manager" [_thread_blocked, id=12308, stack(0x000000eb63a00000,0x000000eb63b00000)]
  0x00000275d87453e0 JavaThread "Cache worker for Build Output Cleanup Cache (F:\BootCamp\advanced\petAdoptionApplication\android\.gradle\buildOutputCleanup)" [_thread_blocked, id=14084, stack(0x000000eb63b00000,0x000000eb63c00000)]
  0x00000275d8a0d570 JavaThread "ForkJoinPool.commonPool-worker-2" daemon [_thread_blocked, id=1204, stack(0x000000eb63d00000,0x000000eb63e00000)]
  0x00000275d8a10300 JavaThread "ForkJoinPool.commonPool-worker-3" daemon [_thread_blocked, id=7656, stack(0x000000eb63e00000,0x000000eb63f00000)]
  0x00000275d8a149e0 JavaThread "Execution worker" [_thread_blocked, id=11556, stack(0x000000eb64000000,0x000000eb64100000)]
  0x00000275d8a135a0 JavaThread "Execution worker Thread 2" [_thread_blocked, id=14356, stack(0x000000eb64100000,0x000000eb64200000)]
  0x00000275d8a0fdf0 JavaThread "Execution worker Thread 3" [_thread_blocked, id=11548, stack(0x000000eb64200000,0x000000eb64300000)]
  0x00000275d8a0da80 JavaThread "Cache worker for execution history cache (F:\BootCamp\advanced\petAdoptionApplication\node_modules\@react-native\gradle-plugin\.gradle\8.3\executionHistory)" [_thread_blocked, id=8832, stack(0x000000eb64300000,0x000000eb64400000)]
  0x00000275d8a10d20 JavaThread "Unconstrained build operations Thread 6" [_thread_blocked, id=7936, stack(0x000000eb64400000,0x000000eb64500000)]
  0x00000275d8a11c50 JavaThread "Unconstrained build operations Thread 7" [_thread_blocked, id=9384, stack(0x000000eb64500000,0x000000eb64600000)]
  0x00000275d8a12670 JavaThread "Unconstrained build operations Thread 8" [_thread_blocked, id=3028, stack(0x000000eb64600000,0x000000eb64700000)]
  0x00000275d8a12b80 JavaThread "Unconstrained build operations Thread 9" [_thread_blocked, id=12980, stack(0x000000eb64700000,0x000000eb64800000)]
  0x00000275d8a13ab0 JavaThread "Unconstrained build operations Thread 10" [_thread_blocked, id=10088, stack(0x000000eb64800000,0x000000eb64900000)]
  0x00000275d8a13fc0 JavaThread "Unconstrained build operations Thread 11" [_thread_blocked, id=11328, stack(0x000000eb64900000,0x000000eb64a00000)]
  0x00000275d8a0f3d0 JavaThread "Unconstrained build operations Thread 12" [_thread_blocked, id=16296, stack(0x000000eb64a00000,0x000000eb64b00000)]
  0x00000275d8a0e4a0 JavaThread "Unconstrained build operations Thread 13" [_thread_blocked, id=9536, stack(0x000000eb64b00000,0x000000eb64c00000)]
  0x00000275d8a0f8e0 JavaThread "Unconstrained build operations Thread 14" [_thread_blocked, id=13468, stack(0x000000eb64d00000,0x000000eb64e00000)]
  0x00000275dbfcbba0 JavaThread "Unconstrained build operations Thread 15" [_thread_blocked, id=11420, stack(0x000000eb64e00000,0x000000eb64f00000)]
  0x00000275dbfc8900 JavaThread "Unconstrained build operations Thread 16" [_thread_blocked, id=10108, stack(0x000000eb64f00000,0x000000eb65000000)]
  0x00000275dbfc4730 JavaThread "Unconstrained build operations Thread 17" [_thread_blocked, id=14048, stack(0x000000eb65000000,0x000000eb65100000)]
  0x00000275dbfca760 JavaThread "Unconstrained build operations Thread 18" [_thread_blocked, id=16272, stack(0x000000eb63f00000,0x000000eb64000000)]
  0x00000275dbfcc0b0 JavaThread "Unconstrained build operations Thread 19" [_thread_blocked, id=9524, stack(0x000000eb64c00000,0x000000eb64d00000)]
  0x00000275dbfc74c0 JavaThread "Unconstrained build operations Thread 20" [_thread_blocked, id=11124, stack(0x000000eb65100000,0x000000eb65200000)]
  0x00000275dbfc8e10 JavaThread "Unconstrained build operations Thread 21" [_thread_blocked, id=1604, stack(0x000000eb65200000,0x000000eb65300000)]
  0x00000275dbfc6590 JavaThread "Unconstrained build operations Thread 22" [_thread_blocked, id=9084, stack(0x000000eb65300000,0x000000eb65400000)]
  0x00000275dbfc9830 JavaThread "Unconstrained build operations Thread 23" [_thread_blocked, id=6552, stack(0x000000eb65400000,0x000000eb65500000)]
  0x00000275dbfc6aa0 JavaThread "ForkJoinPool.commonPool-worker-4" daemon [_thread_blocked, id=8292, stack(0x000000eb65500000,0x000000eb65600000)]
  0x00000275d8a0df90 JavaThread "pool-3-thread-1" [_thread_blocked, id=7068, stack(0x000000eb65600000,0x000000eb65700000)]
  0x00000275d8a10810 JavaThread "build event listener" [_thread_blocked, id=11228, stack(0x000000eb65700000,0x000000eb65800000)]
  0x00000275dbfc6080 JavaThread "included builds Thread 2" [_thread_blocked, id=15632, stack(0x000000eb65800000,0x000000eb65900000)]
  0x00000275d7659ef0 JavaThread "Unconstrained build operations Thread 24" [_thread_blocked, id=2900, stack(0x000000eb65900000,0x000000eb65a00000)]
  0x00000275e3ae7d10 JavaThread "Unconstrained build operations Thread 25" [_thread_blocked, id=11452, stack(0x000000eb65a00000,0x000000eb65b00000)]
  0x00000275e3aee250 JavaThread "Unconstrained build operations Thread 26" [_thread_blocked, id=14248, stack(0x000000eb65b00000,0x000000eb65c00000)]
  0x00000275e3aed320 JavaThread "Unconstrained build operations Thread 27" [_thread_blocked, id=16280, stack(0x000000eb65c00000,0x000000eb65d00000)]
  0x00000275e3aed830 JavaThread "Unconstrained build operations Thread 28" [_thread_blocked, id=14568, stack(0x000000eb65d00000,0x000000eb65e00000)]
  0x00000275e3ae9150 JavaThread "Unconstrained build operations Thread 29" [_thread_blocked, id=15680, stack(0x000000eb65e00000,0x000000eb65f00000)]
  0x00000275e3aea080 JavaThread "Unconstrained build operations Thread 30" [_thread_in_native, id=4792, stack(0x000000eb65f00000,0x000000eb66000000)]
  0x00000275e3ae72f0 JavaThread "Unconstrained build operations Thread 31" [_thread_blocked, id=9436, stack(0x000000eb66000000,0x000000eb66100000)]
  0x00000275e3ae8220 JavaThread "Unconstrained build operations Thread 32" [_thread_blocked, id=12052, stack(0x000000eb66100000,0x000000eb66200000)]
  0x00000275e3aedd40 JavaThread "Unconstrained build operations Thread 33" [_thread_blocked, id=9288, stack(0x000000eb66200000,0x000000eb66300000)]
  0x00000275e3ae8c40 JavaThread "Unconstrained build operations Thread 34" [_thread_blocked, id=10092, stack(0x000000eb66300000,0x000000eb66400000)]
  0x00000275e3aee760 JavaThread "Unconstrained build operations Thread 35" [_thread_blocked, id=14448, stack(0x000000eb66400000,0x000000eb66500000)]
  0x00000275e3aebee0 JavaThread "Unconstrained build operations Thread 36" [_thread_blocked, id=15772, stack(0x000000eb66500000,0x000000eb66600000)]
  0x00000275e3aeec70 JavaThread "Unconstrained build operations Thread 37" [_thread_blocked, id=14380, stack(0x000000eb66600000,0x000000eb66700000)]
  0x00000275e3aec900 JavaThread "Unconstrained build operations Thread 38" [_thread_blocked, id=9460, stack(0x000000eb66700000,0x000000eb66800000)]
  0x00000275e3aeaaa0 JavaThread "Unconstrained build operations Thread 39" [_thread_blocked, id=15764, stack(0x000000eb66800000,0x000000eb66900000)]
  0x00000275e3aeb4c0 JavaThread "Unconstrained build operations Thread 40" [_thread_blocked, id=12768, stack(0x000000eb66900000,0x000000eb66a00000)]
  0x00000275e3ae9660 JavaThread "Cache worker for execution history cache (F:\BootCamp\advanced\petAdoptionApplication\android\.gradle\8.3\executionHistory)" [_thread_blocked, id=2332, stack(0x000000eb66a00000,0x000000eb66b00000)]
=>0x00000275dc06f920 JavaThread "C2 CompilerThread1" daemon [_thread_in_native, id=2664, stack(0x000000eb63c00000,0x000000eb63d00000)]

Other Threads:
  0x00000275b725cd40 VMThread "VM Thread" [stack: 0x000000eb60700000,0x000000eb60800000] [id=7076]
  0x00000275b75e40b0 WatcherThread [stack: 0x000000eb61300000,0x000000eb61400000] [id=3244]
  0x00000275977bf000 GCTaskThread "GC Thread#0" [stack: 0x000000eb60200000,0x000000eb60300000] [id=11884]
  0x00000275b7755bb0 GCTaskThread "GC Thread#1" [stack: 0x000000eb61400000,0x000000eb61500000] [id=16060]
  0x00000275b7755e70 GCTaskThread "GC Thread#2" [stack: 0x000000eb61500000,0x000000eb61600000] [id=15984]
  0x00000275b7eb60f0 GCTaskThread "GC Thread#3" [stack: 0x000000eb61600000,0x000000eb61700000] [id=5540]
  0x00000275977cfe60 ConcurrentGCThread "G1 Main Marker" [stack: 0x000000eb60300000,0x000000eb60400000] [id=9444]
  0x00000275977d0780 ConcurrentGCThread "G1 Conc#0" [stack: 0x000000eb60400000,0x000000eb60500000] [id=7156]
  0x000002759781e6c0 ConcurrentGCThread "G1 Refine#0" [stack: 0x000000eb60500000,0x000000eb60600000] [id=5148]
  0x00000275d8d41a90 ConcurrentGCThread "G1 Refine#1" [stack: 0x000000eb62a00000,0x000000eb62b00000] [id=13704]
  0x00000275b7118240 ConcurrentGCThread "G1 Service" [stack: 0x000000eb60600000,0x000000eb60700000] [id=3688]

Threads with active compile tasks:
C2 CompilerThread0   188544 17336   !   4       org.gradle.cache.internal.btree.BTreePersistentIndexedCache::get (57 bytes)
C2 CompilerThread1   188544 17333   !   4       org.gradle.cache.internal.DefaultMultiProcessSafeIndexedCache::getIfPresent (25 bytes)

VM state: not at safepoint (normal execution)

VM Mutex/Monitor currently owned by a thread: None

Heap address: 0x0000000080000000, size: 2048 MB, Compressed Oops mode: 32-bit

CDS archive(s) mapped at: [0x00000275b8000000-0x00000275b8bd0000-0x00000275b8bd0000), size 12386304, SharedBaseAddress: 0x00000275b8000000, ArchiveRelocationMode: 1.
Compressed class space mapped at: 0x00000275b9000000-0x00000275d3000000, reserved size: 436207616
Narrow klass base: 0x00000275b8000000, Narrow klass shift: 0, Narrow klass range: 0x100000000

GC Precious Log:
 CPUs: 4 total, 4 available
 Memory: 8089M
 Large Page Support: Disabled
 NUMA Support: Disabled
 Compressed Oops: Enabled (32-bit)
 Heap Region Size: 1M
 Heap Min Capacity: 8M
 Heap Initial Capacity: 128M
 Heap Max Capacity: 2G
 Pre-touch: Disabled
 Parallel Workers: 4
 Concurrent Workers: 1
 Concurrent Refinement Workers: 4
 Periodic GC: Disabled

Heap:
 garbage-first heap   total 275456K, used 219803K [0x0000000080000000, 0x0000000100000000)
  region size 1024K, 11 young (11264K), 2 survivors (2048K)
 Metaspace       used 113415K, committed 114688K, reserved 557056K
  class space    used 15577K, committed 16192K, reserved 425984K

Heap Regions: E=young(eden), S=young(survivor), O=old, HS=humongous(starts), HC=humongous(continues), CS=collection set, F=free, OA=open archive, CA=closed archive, TAMS=top-at-mark-start (previous, next)
|   0|0x0000000080000000, 0x0000000080100000, 0x0000000080100000|100%| O|  |TAMS 0x0000000080100000, 0x0000000080000000| Untracked 
|   1|0x0000000080100000, 0x0000000080200000, 0x0000000080200000|100%| O|  |TAMS 0x0000000080200000, 0x0000000080100000| Untracked 
|   2|0x0000000080200000, 0x0000000080300000, 0x0000000080300000|100%|HS|  |TAMS 0x0000000080300000, 0x0000000080200000| Complete 
|   3|0x0000000080300000, 0x0000000080400000, 0x0000000080400000|100%|HC|  |TAMS 0x0000000080400000, 0x0000000080300000| Complete 
|   4|0x0000000080400000, 0x0000000080500000, 0x0000000080500000|100%|HC|  |TAMS 0x0000000080500000, 0x0000000080400000| Complete 
|   5|0x0000000080500000, 0x0000000080600000, 0x0000000080600000|100%|HC|  |TAMS 0x0000000080600000, 0x0000000080500000| Complete 
|   6|0x0000000080600000, 0x0000000080700000, 0x0000000080700000|100%| O|  |TAMS 0x0000000080700000, 0x0000000080600000| Untracked 
|   7|0x0000000080700000, 0x0000000080800000, 0x0000000080800000|100%| O|  |TAMS 0x0000000080800000, 0x0000000080700000| Untracked 
|   8|0x0000000080800000, 0x0000000080900000, 0x0000000080900000|100%| O|  |TAMS 0x0000000080900000, 0x0000000080800000| Untracked 
|   9|0x0000000080900000, 0x0000000080a00000, 0x0000000080a00000|100%| O|  |TAMS 0x0000000080a00000, 0x0000000080900000| Untracked 
|  10|0x0000000080a00000, 0x0000000080b00000, 0x0000000080b00000|100%| O|  |TAMS 0x0000000080b00000, 0x0000000080a00000| Untracked 
|  11|0x0000000080b00000, 0x0000000080c00000, 0x0000000080c00000|100%| O|  |TAMS 0x0000000080c00000, 0x0000000080b00000| Untracked 
|  12|0x0000000080c00000, 0x0000000080d00000, 0x0000000080d00000|100%| O|  |TAMS 0x0000000080d00000, 0x0000000080c00000| Untracked 
|  13|0x0000000080d00000, 0x0000000080e00000, 0x0000000080e00000|100%| O|  |TAMS 0x0000000080e00000, 0x0000000080d00000| Untracked 
|  14|0x0000000080e00000, 0x0000000080f00000, 0x0000000080f00000|100%| O|  |TAMS 0x0000000080f00000, 0x0000000080e00000| Untracked 
|  15|0x0000000080f00000, 0x0000000081000000, 0x0000000081000000|100%| O|  |TAMS 0x0000000081000000, 0x0000000080f00000| Untracked 
|  16|0x0000000081000000, 0x0000000081100000, 0x0000000081100000|100%| O|  |TAMS 0x0000000081100000, 0x0000000081000000| Untracked 
|  17|0x0000000081100000, 0x0000000081200000, 0x0000000081200000|100%| O|  |TAMS 0x0000000081200000, 0x0000000081100000| Untracked 
|  18|0x0000000081200000, 0x0000000081300000, 0x0000000081300000|100%| O|  |TAMS 0x0000000081300000, 0x0000000081200000| Untracked 
|  19|0x0000000081300000, 0x00000000813e9200, 0x0000000081400000| 91%| O|  |TAMS 0x00000000813e9200, 0x0000000081300000| Untracked 
|  20|0x0000000081400000, 0x0000000081500000, 0x0000000081500000|100%| O|  |TAMS 0x0000000081500000, 0x0000000081400000| Untracked 
|  21|0x0000000081500000, 0x0000000081600000, 0x0000000081600000|100%| O|  |TAMS 0x0000000081600000, 0x0000000081500000| Untracked 
|  22|0x0000000081600000, 0x0000000081700000, 0x0000000081700000|100%| O|  |TAMS 0x0000000081700000, 0x0000000081600000| Untracked 
|  23|0x0000000081700000, 0x0000000081800000, 0x0000000081800000|100%| O|  |TAMS 0x0000000081800000, 0x0000000081700000| Untracked 
|  24|0x0000000081800000, 0x0000000081900000, 0x0000000081900000|100%| O|  |TAMS 0x0000000081900000, 0x0000000081800000| Untracked 
|  25|0x0000000081900000, 0x0000000081a00000, 0x0000000081a00000|100%| O|  |TAMS 0x0000000081a00000, 0x0000000081900000| Untracked 
|  26|0x0000000081a00000, 0x0000000081b00000, 0x0000000081b00000|100%| O|  |TAMS 0x0000000081b00000, 0x0000000081a00000| Untracked 
|  27|0x0000000081b00000, 0x0000000081c00000, 0x0000000081c00000|100%| O|  |TAMS 0x0000000081c00000, 0x0000000081b00000| Untracked 
|  28|0x0000000081c00000, 0x0000000081d00000, 0x0000000081d00000|100%| O|  |TAMS 0x0000000081d00000, 0x0000000081c00000| Untracked 
|  29|0x0000000081d00000, 0x0000000081e00000, 0x0000000081e00000|100%| O|  |TAMS 0x0000000081e00000, 0x0000000081d00000| Untracked 
|  30|0x0000000081e00000, 0x0000000081f00000, 0x0000000081f00000|100%| O|  |TAMS 0x0000000081f00000, 0x0000000081e00000| Untracked 
|  31|0x0000000081f00000, 0x0000000082000000, 0x0000000082000000|100%| O|  |TAMS 0x0000000082000000, 0x0000000081f00000| Untracked 
|  32|0x0000000082000000, 0x0000000082100000, 0x0000000082100000|100%| O|  |TAMS 0x0000000082100000, 0x0000000082000000| Untracked 
|  33|0x0000000082100000, 0x0000000082200000, 0x0000000082200000|100%| O|  |TAMS 0x0000000082200000, 0x0000000082100000| Untracked 
|  34|0x0000000082200000, 0x0000000082300000, 0x0000000082300000|100%| O|  |TAMS 0x0000000082300000, 0x0000000082200000| Untracked 
|  35|0x0000000082300000, 0x0000000082400000, 0x0000000082400000|100%| O|  |TAMS 0x0000000082400000, 0x0000000082300000| Untracked 
|  36|0x0000000082400000, 0x0000000082500000, 0x0000000082500000|100%| O|  |TAMS 0x0000000082500000, 0x0000000082400000| Untracked 
|  37|0x0000000082500000, 0x0000000082600000, 0x0000000082600000|100%| O|  |TAMS 0x0000000082600000, 0x0000000082500000| Untracked 
|  38|0x0000000082600000, 0x0000000082700000, 0x0000000082700000|100%| O|  |TAMS 0x0000000082700000, 0x0000000082600000| Untracked 
|  39|0x0000000082700000, 0x0000000082800000, 0x0000000082800000|100%| O|  |TAMS 0x0000000082800000, 0x0000000082700000| Untracked 
|  40|0x0000000082800000, 0x0000000082900000, 0x0000000082900000|100%|HS|  |TAMS 0x0000000082900000, 0x0000000082800000| Complete 
|  41|0x0000000082900000, 0x0000000082a00000, 0x0000000082a00000|100%|HC|  |TAMS 0x0000000082a00000, 0x0000000082900000| Complete 
|  42|0x0000000082a00000, 0x0000000082b00000, 0x0000000082b00000|100%|HS|  |TAMS 0x0000000082b00000, 0x0000000082a00000| Complete 
|  43|0x0000000082b00000, 0x0000000082c00000, 0x0000000082c00000|100%|HC|  |TAMS 0x0000000082c00000, 0x0000000082b00000| Complete 
|  44|0x0000000082c00000, 0x0000000082d00000, 0x0000000082d00000|100%| O|  |TAMS 0x0000000082d00000, 0x0000000082c00000| Untracked 
|  45|0x0000000082d00000, 0x0000000082e00000, 0x0000000082e00000|100%|HS|  |TAMS 0x0000000082e00000, 0x0000000082d00000| Complete 
|  46|0x0000000082e00000, 0x0000000082f00000, 0x0000000082f00000|100%|HC|  |TAMS 0x0000000082f00000, 0x0000000082e00000| Complete 
|  47|0x0000000082f00000, 0x0000000083000000, 0x0000000083000000|100%|HC|  |TAMS 0x0000000083000000, 0x0000000082f00000| Complete 
|  48|0x0000000083000000, 0x0000000083100000, 0x0000000083100000|100%|HC|  |TAMS 0x0000000083100000, 0x0000000083000000| Complete 
|  49|0x0000000083100000, 0x0000000083200000, 0x0000000083200000|100%| O|  |TAMS 0x0000000083200000, 0x0000000083100000| Untracked 
|  50|0x0000000083200000, 0x0000000083300000, 0x0000000083300000|100%| O|  |TAMS 0x0000000083300000, 0x0000000083200000| Untracked 
|  51|0x0000000083300000, 0x0000000083400000, 0x0000000083400000|100%| O|  |TAMS 0x0000000083400000, 0x0000000083300000| Untracked 
|  52|0x0000000083400000, 0x0000000083500000, 0x0000000083500000|100%| O|  |TAMS 0x0000000083500000, 0x0000000083400000| Untracked 
|  53|0x0000000083500000, 0x0000000083600000, 0x0000000083600000|100%| O|  |TAMS 0x0000000083600000, 0x0000000083500000| Untracked 
|  54|0x0000000083600000, 0x0000000083700000, 0x0000000083700000|100%|HS|  |TAMS 0x0000000083700000, 0x0000000083600000| Complete 
|  55|0x0000000083700000, 0x0000000083800000, 0x0000000083800000|100%|HC|  |TAMS 0x0000000083800000, 0x0000000083700000| Complete 
|  56|0x0000000083800000, 0x0000000083900000, 0x0000000083900000|100%|HC|  |TAMS 0x0000000083900000, 0x0000000083800000| Complete 
|  57|0x0000000083900000, 0x0000000083a00000, 0x0000000083a00000|100%|HC|  |TAMS 0x0000000083a00000, 0x0000000083900000| Complete 
|  58|0x0000000083a00000, 0x0000000083b00000, 0x0000000083b00000|100%| O|  |TAMS 0x0000000083b00000, 0x0000000083a00000| Untracked 
|  59|0x0000000083b00000, 0x0000000083c00000, 0x0000000083c00000|100%| O|  |TAMS 0x0000000083c00000, 0x0000000083b00000| Untracked 
|  60|0x0000000083c00000, 0x0000000083d00000, 0x0000000083d00000|100%| O|  |TAMS 0x0000000083d00000, 0x0000000083c00000| Untracked 
|  61|0x0000000083d00000, 0x0000000083e00000, 0x0000000083e00000|100%| O|  |TAMS 0x0000000083e00000, 0x0000000083d00000| Untracked 
|  62|0x0000000083e00000, 0x0000000083f00000, 0x0000000083f00000|100%| O|  |TAMS 0x0000000083f00000, 0x0000000083e00000| Untracked 
|  63|0x0000000083f00000, 0x0000000084000000, 0x0000000084000000|100%| O|  |TAMS 0x0000000083f00000, 0x0000000083f00000| Untracked 
|  64|0x0000000084000000, 0x0000000084100000, 0x0000000084100000|100%| O|  |TAMS 0x0000000084100000, 0x0000000084000000| Untracked 
|  65|0x0000000084100000, 0x0000000084200000, 0x0000000084200000|100%| O|  |TAMS 0x0000000084200000, 0x0000000084100000| Untracked 
|  66|0x0000000084200000, 0x0000000084300000, 0x0000000084300000|100%| O|  |TAMS 0x0000000084300000, 0x0000000084200000| Untracked 
|  67|0x0000000084300000, 0x0000000084400000, 0x0000000084400000|100%| O|  |TAMS 0x0000000084400000, 0x0000000084300000| Untracked 
|  68|0x0000000084400000, 0x0000000084500000, 0x0000000084500000|100%|HS|  |TAMS 0x0000000084500000, 0x0000000084400000| Complete 
|  69|0x0000000084500000, 0x0000000084600000, 0x0000000084600000|100%|HS|  |TAMS 0x0000000084600000, 0x0000000084500000| Complete 
|  70|0x0000000084600000, 0x0000000084700000, 0x0000000084700000|100%|HS|  |TAMS 0x0000000084700000, 0x0000000084600000| Complete 
|  71|0x0000000084700000, 0x0000000084800000, 0x0000000084800000|100%| O|  |TAMS 0x0000000084800000, 0x0000000084700000| Untracked 
|  72|0x0000000084800000, 0x0000000084900000, 0x0000000084900000|100%| O|  |TAMS 0x0000000084900000, 0x0000000084800000| Untracked 
|  73|0x0000000084900000, 0x0000000084a00000, 0x0000000084a00000|100%|HS|  |TAMS 0x0000000084a00000, 0x0000000084900000| Complete 
|  74|0x0000000084a00000, 0x0000000084b00000, 0x0000000084b00000|100%| O|  |TAMS 0x0000000084b00000, 0x0000000084a00000| Untracked 
|  75|0x0000000084b00000, 0x0000000084c00000, 0x0000000084c00000|100%| O|  |TAMS 0x0000000084c00000, 0x0000000084b00000| Untracked 
|  76|0x0000000084c00000, 0x0000000084d00000, 0x0000000084d00000|100%| O|  |TAMS 0x0000000084d00000, 0x0000000084c00000| Untracked 
|  77|0x0000000084d00000, 0x0000000084e00000, 0x0000000084e00000|100%| O|  |TAMS 0x0000000084e00000, 0x0000000084d00000| Untracked 
|  78|0x0000000084e00000, 0x0000000084f00000, 0x0000000084f00000|100%| O|  |TAMS 0x0000000084f00000, 0x0000000084e00000| Untracked 
|  79|0x0000000084f00000, 0x0000000085000000, 0x0000000085000000|100%| O|  |TAMS 0x0000000085000000, 0x0000000084f00000| Untracked 
|  80|0x0000000085000000, 0x0000000085100000, 0x0000000085100000|100%| O|  |TAMS 0x0000000085100000, 0x0000000085000000| Untracked 
|  81|0x0000000085100000, 0x0000000085200000, 0x0000000085200000|100%| O|  |TAMS 0x0000000085200000, 0x0000000085100000| Untracked 
|  82|0x0000000085200000, 0x0000000085300000, 0x0000000085300000|100%| O|  |TAMS 0x0000000085300000, 0x0000000085200000| Untracked 
|  83|0x0000000085300000, 0x0000000085400000, 0x0000000085400000|100%| O|  |TAMS 0x0000000085400000, 0x0000000085300000| Untracked 
|  84|0x0000000085400000, 0x0000000085500000, 0x0000000085500000|100%| O|  |TAMS 0x0000000085500000, 0x0000000085400000| Untracked 
|  85|0x0000000085500000, 0x0000000085600000, 0x0000000085600000|100%| O|  |TAMS 0x0000000085600000, 0x0000000085500000| Untracked 
|  86|0x0000000085600000, 0x0000000085700000, 0x0000000085700000|100%| O|  |TAMS 0x0000000085700000, 0x0000000085600000| Untracked 
|  87|0x0000000085700000, 0x0000000085800000, 0x0000000085800000|100%| O|  |TAMS 0x0000000085800000, 0x0000000085700000| Untracked 
|  88|0x0000000085800000, 0x0000000085900000, 0x0000000085900000|100%| O|  |TAMS 0x0000000085900000, 0x0000000085800000| Untracked 
|  89|0x0000000085900000, 0x0000000085a00000, 0x0000000085a00000|100%| O|  |TAMS 0x0000000085a00000, 0x0000000085900000| Untracked 
|  90|0x0000000085a00000, 0x0000000085b00000, 0x0000000085b00000|100%| O|  |TAMS 0x0000000085b00000, 0x0000000085a00000| Untracked 
|  91|0x0000000085b00000, 0x0000000085c00000, 0x0000000085c00000|100%| O|  |TAMS 0x0000000085c00000, 0x0000000085b00000| Untracked 
|  92|0x0000000085c00000, 0x0000000085d00000, 0x0000000085d00000|100%| O|  |TAMS 0x0000000085d00000, 0x0000000085c00000| Untracked 
|  93|0x0000000085d00000, 0x0000000085e00000, 0x0000000085e00000|100%| O|  |TAMS 0x0000000085e00000, 0x0000000085d00000| Untracked 
|  94|0x0000000085e00000, 0x0000000085f00000, 0x0000000085f00000|100%| O|  |TAMS 0x0000000085f00000, 0x0000000085e00000| Untracked 
|  95|0x0000000085f00000, 0x0000000086000000, 0x0000000086000000|100%| O|  |TAMS 0x0000000086000000, 0x0000000085f00000| Untracked 
|  96|0x0000000086000000, 0x0000000086100000, 0x0000000086100000|100%| O|  |TAMS 0x0000000086100000, 0x0000000086000000| Untracked 
|  97|0x0000000086100000, 0x0000000086200000, 0x0000000086200000|100%| O|  |TAMS 0x0000000086200000, 0x0000000086100000| Untracked 
|  98|0x0000000086200000, 0x0000000086300000, 0x0000000086300000|100%| O|  |TAMS 0x0000000086300000, 0x0000000086200000| Untracked 
|  99|0x0000000086300000, 0x0000000086400000, 0x0000000086400000|100%| O|  |TAMS 0x0000000086400000, 0x0000000086300000| Untracked 
| 100|0x0000000086400000, 0x0000000086500000, 0x0000000086500000|100%| O|  |TAMS 0x0000000086500000, 0x0000000086400000| Untracked 
| 101|0x0000000086500000, 0x0000000086600000, 0x0000000086600000|100%| O|  |TAMS 0x0000000086600000, 0x0000000086500000| Untracked 
| 102|0x0000000086600000, 0x0000000086700000, 0x0000000086700000|100%|HS|  |TAMS 0x0000000086700000, 0x0000000086600000| Complete 
| 103|0x0000000086700000, 0x0000000086800000, 0x0000000086800000|100%|HS|  |TAMS 0x0000000086800000, 0x0000000086700000| Complete 
| 104|0x0000000086800000, 0x0000000086900000, 0x0000000086900000|100%|HS|  |TAMS 0x0000000086900000, 0x0000000086800000| Complete 
| 105|0x0000000086900000, 0x0000000086a00000, 0x0000000086a00000|100%|HC|  |TAMS 0x0000000086a00000, 0x0000000086900000| Complete 
| 106|0x0000000086a00000, 0x0000000086b00000, 0x0000000086b00000|100%| O|  |TAMS 0x0000000086b00000, 0x0000000086a00000| Untracked 
| 107|0x0000000086b00000, 0x0000000086c00000, 0x0000000086c00000|100%| O|  |TAMS 0x0000000086c00000, 0x0000000086b00000| Untracked 
| 108|0x0000000086c00000, 0x0000000086d00000, 0x0000000086d00000|100%| O|  |TAMS 0x0000000086d00000, 0x0000000086c00000| Untracked 
| 109|0x0000000086d00000, 0x0000000086e00000, 0x0000000086e00000|100%| O|  |TAMS 0x0000000086e00000, 0x0000000086d00000| Untracked 
| 110|0x0000000086e00000, 0x0000000086f00000, 0x0000000086f00000|100%| O|  |TAMS 0x0000000086f00000, 0x0000000086e00000| Untracked 
| 111|0x0000000086f00000, 0x0000000087000000, 0x0000000087000000|100%| O|  |TAMS 0x0000000087000000, 0x0000000086f00000| Untracked 
| 112|0x0000000087000000, 0x0000000087100000, 0x0000000087100000|100%| O|  |TAMS 0x0000000087100000, 0x0000000087000000| Untracked 
| 113|0x0000000087100000, 0x0000000087200000, 0x0000000087200000|100%| O|  |TAMS 0x0000000087200000, 0x0000000087100000| Untracked 
| 114|0x0000000087200000, 0x0000000087300000, 0x0000000087300000|100%| O|  |TAMS 0x0000000087300000, 0x0000000087200000| Untracked 
| 115|0x0000000087300000, 0x0000000087400000, 0x0000000087400000|100%| O|  |TAMS 0x0000000087400000, 0x0000000087300000| Untracked 
| 116|0x0000000087400000, 0x0000000087500000, 0x0000000087500000|100%| O|  |TAMS 0x0000000087444808, 0x0000000087400000| Untracked 
| 117|0x0000000087500000, 0x0000000087600000, 0x0000000087600000|100%|HS|  |TAMS 0x0000000087600000, 0x0000000087500000| Complete 
| 118|0x0000000087600000, 0x0000000087700000, 0x0000000087700000|100%|HS|  |TAMS 0x0000000087700000, 0x0000000087600000| Complete 
| 119|0x0000000087700000, 0x0000000087800000, 0x0000000087800000|100%| O|  |TAMS 0x0000000087700000, 0x0000000087700000| Untracked 
| 120|0x0000000087800000, 0x0000000087900000, 0x0000000087900000|100%| O|  |TAMS 0x0000000087800000, 0x0000000087800000| Untracked 
| 121|0x0000000087900000, 0x0000000087a00000, 0x0000000087a00000|100%| O|  |TAMS 0x0000000087900000, 0x0000000087900000| Untracked 
| 122|0x0000000087a00000, 0x0000000087b00000, 0x0000000087b00000|100%| O|  |TAMS 0x0000000087a00000, 0x0000000087a00000| Untracked 
| 123|0x0000000087b00000, 0x0000000087c00000, 0x0000000087c00000|100%| O|  |TAMS 0x0000000087b00000, 0x0000000087b00000| Untracked 
| 124|0x0000000087c00000, 0x0000000087d00000, 0x0000000087d00000|100%| O|  |TAMS 0x0000000087c00000, 0x0000000087c00000| Untracked 
| 125|0x0000000087d00000, 0x0000000087e00000, 0x0000000087e00000|100%| O|  |TAMS 0x0000000087d00000, 0x0000000087d00000| Untracked 
| 126|0x0000000087e00000, 0x0000000087f00000, 0x0000000087f00000|100%| O|  |TAMS 0x0000000087e00000, 0x0000000087e00000| Untracked 
| 127|0x0000000087f00000, 0x0000000088000000, 0x0000000088000000|100%| O|  |TAMS 0x0000000087f00000, 0x0000000087f00000| Untracked 
| 128|0x0000000088000000, 0x0000000088100000, 0x0000000088100000|100%| O|  |TAMS 0x0000000088000000, 0x0000000088000000| Untracked 
| 129|0x0000000088100000, 0x0000000088200000, 0x0000000088200000|100%| O|  |TAMS 0x0000000088100000, 0x0000000088100000| Untracked 
| 130|0x0000000088200000, 0x0000000088300000, 0x0000000088300000|100%| O|  |TAMS 0x0000000088200000, 0x0000000088200000| Untracked 
| 131|0x0000000088300000, 0x00000000883ffff8, 0x0000000088400000| 99%| O|  |TAMS 0x0000000088300000, 0x0000000088300000| Untracked 
| 132|0x0000000088400000, 0x0000000088500000, 0x0000000088500000|100%| O|  |TAMS 0x0000000088400000, 0x0000000088400000| Untracked 
| 133|0x0000000088500000, 0x0000000088600000, 0x0000000088600000|100%| O|  |TAMS 0x0000000088500000, 0x0000000088500000| Untracked 
| 134|0x0000000088600000, 0x0000000088700000, 0x0000000088700000|100%| O|  |TAMS 0x0000000088600000, 0x0000000088600000| Untracked 
| 135|0x0000000088700000, 0x0000000088800000, 0x0000000088800000|100%| O|  |TAMS 0x0000000088700000, 0x0000000088700000| Untracked 
| 136|0x0000000088800000, 0x0000000088900000, 0x0000000088900000|100%| O|  |TAMS 0x0000000088800000, 0x0000000088800000| Untracked 
| 137|0x0000000088900000, 0x0000000088a00000, 0x0000000088a00000|100%| O|  |TAMS 0x0000000088900000, 0x0000000088900000| Untracked 
| 138|0x0000000088a00000, 0x0000000088b00000, 0x0000000088b00000|100%| O|  |TAMS 0x0000000088a00000, 0x0000000088a00000| Untracked 
| 139|0x0000000088b00000, 0x0000000088c00000, 0x0000000088c00000|100%| O|  |TAMS 0x0000000088b00000, 0x0000000088b00000| Untracked 
| 140|0x0000000088c00000, 0x0000000088d00000, 0x0000000088d00000|100%| O|  |TAMS 0x0000000088c00000, 0x0000000088c00000| Untracked 
| 141|0x0000000088d00000, 0x0000000088e00000, 0x0000000088e00000|100%| O|  |TAMS 0x0000000088d00000, 0x0000000088d00000| Untracked 
| 142|0x0000000088e00000, 0x0000000088f00000, 0x0000000088f00000|100%| O|  |TAMS 0x0000000088e00000, 0x0000000088e00000| Untracked 
| 143|0x0000000088f00000, 0x0000000089000000, 0x0000000089000000|100%| O|  |TAMS 0x0000000088f00000, 0x0000000088f00000| Untracked 
| 144|0x0000000089000000, 0x0000000089100000, 0x0000000089100000|100%| O|  |TAMS 0x0000000089000000, 0x0000000089000000| Untracked 
| 145|0x0000000089100000, 0x0000000089200000, 0x0000000089200000|100%| O|  |TAMS 0x0000000089100000, 0x0000000089100000| Untracked 
| 146|0x0000000089200000, 0x0000000089300000, 0x0000000089300000|100%| O|  |TAMS 0x0000000089200000, 0x0000000089200000| Untracked 
| 147|0x0000000089300000, 0x0000000089400000, 0x0000000089400000|100%| O|  |TAMS 0x0000000089300000, 0x0000000089300000| Untracked 
| 148|0x0000000089400000, 0x0000000089500000, 0x0000000089500000|100%|HS|  |TAMS 0x0000000089400000, 0x0000000089400000| Complete 
| 149|0x0000000089500000, 0x0000000089600000, 0x0000000089600000|100%| O|  |TAMS 0x0000000089500000, 0x0000000089500000| Untracked 
| 150|0x0000000089600000, 0x0000000089700000, 0x0000000089700000|100%| O|  |TAMS 0x0000000089600000, 0x0000000089600000| Untracked 
| 151|0x0000000089700000, 0x0000000089800000, 0x0000000089800000|100%| O|  |TAMS 0x0000000089700000, 0x0000000089700000| Untracked 
| 152|0x0000000089800000, 0x0000000089900000, 0x0000000089900000|100%| O|  |TAMS 0x0000000089800000, 0x0000000089800000| Untracked 
| 153|0x0000000089900000, 0x0000000089a00000, 0x0000000089a00000|100%| O|  |TAMS 0x0000000089900000, 0x0000000089900000| Untracked 
| 154|0x0000000089a00000, 0x0000000089b00000, 0x0000000089b00000|100%| O|  |TAMS 0x0000000089a00000, 0x0000000089a00000| Untracked 
| 155|0x0000000089b00000, 0x0000000089c00000, 0x0000000089c00000|100%| O|  |TAMS 0x0000000089b00000, 0x0000000089b00000| Untracked 
| 156|0x0000000089c00000, 0x0000000089d00000, 0x0000000089d00000|100%| O|  |TAMS 0x0000000089c00000, 0x0000000089c00000| Untracked 
| 157|0x0000000089d00000, 0x0000000089e00000, 0x0000000089e00000|100%| O|  |TAMS 0x0000000089d00000, 0x0000000089d00000| Untracked 
| 158|0x0000000089e00000, 0x0000000089f00000, 0x0000000089f00000|100%| O|  |TAMS 0x0000000089e00000, 0x0000000089e00000| Untracked 
| 159|0x0000000089f00000, 0x000000008a000000, 0x000000008a000000|100%| O|  |TAMS 0x0000000089f00000, 0x0000000089f00000| Untracked 
| 160|0x000000008a000000, 0x000000008a100000, 0x000000008a100000|100%| O|  |TAMS 0x000000008a000000, 0x000000008a000000| Untracked 
| 161|0x000000008a100000, 0x000000008a200000, 0x000000008a200000|100%| O|  |TAMS 0x000000008a100000, 0x000000008a100000| Untracked 
| 162|0x000000008a200000, 0x000000008a300000, 0x000000008a300000|100%| O|  |TAMS 0x000000008a200000, 0x000000008a200000| Untracked 
| 163|0x000000008a300000, 0x000000008a400000, 0x000000008a400000|100%| O|  |TAMS 0x000000008a300000, 0x000000008a300000| Untracked 
| 164|0x000000008a400000, 0x000000008a500000, 0x000000008a500000|100%| O|  |TAMS 0x000000008a400000, 0x000000008a400000| Untracked 
| 165|0x000000008a500000, 0x000000008a600000, 0x000000008a600000|100%| O|  |TAMS 0x000000008a500000, 0x000000008a500000| Untracked 
| 166|0x000000008a600000, 0x000000008a700000, 0x000000008a700000|100%| O|  |TAMS 0x000000008a600000, 0x000000008a600000| Untracked 
| 167|0x000000008a700000, 0x000000008a800000, 0x000000008a800000|100%| O|  |TAMS 0x000000008a700000, 0x000000008a700000| Untracked 
| 168|0x000000008a800000, 0x000000008a900000, 0x000000008a900000|100%| O|  |TAMS 0x000000008a800000, 0x000000008a800000| Untracked 
| 169|0x000000008a900000, 0x000000008aa00000, 0x000000008aa00000|100%| O|  |TAMS 0x000000008a900000, 0x000000008a900000| Untracked 
| 170|0x000000008aa00000, 0x000000008ab00000, 0x000000008ab00000|100%| O|  |TAMS 0x000000008aa00000, 0x000000008aa00000| Untracked 
| 171|0x000000008ab00000, 0x000000008ac00000, 0x000000008ac00000|100%| O|  |TAMS 0x000000008ab00000, 0x000000008ab00000| Untracked 
| 172|0x000000008ac00000, 0x000000008ad00000, 0x000000008ad00000|100%| O|  |TAMS 0x000000008ac00000, 0x000000008ac00000| Untracked 
| 173|0x000000008ad00000, 0x000000008ae00000, 0x000000008ae00000|100%| O|  |TAMS 0x000000008ad00000, 0x000000008ad00000| Untracked 
| 174|0x000000008ae00000, 0x000000008af00000, 0x000000008af00000|100%| O|  |TAMS 0x000000008ae00000, 0x000000008ae00000| Untracked 
| 175|0x000000008af00000, 0x000000008b000000, 0x000000008b000000|100%| O|  |TAMS 0x000000008af00000, 0x000000008af00000| Untracked 
| 176|0x000000008b000000, 0x000000008b100000, 0x000000008b100000|100%| O|  |TAMS 0x000000008b000000, 0x000000008b000000| Untracked 
| 177|0x000000008b100000, 0x000000008b200000, 0x000000008b200000|100%| O|  |TAMS 0x000000008b100000, 0x000000008b100000| Untracked 
| 178|0x000000008b200000, 0x000000008b300000, 0x000000008b300000|100%| O|  |TAMS 0x000000008b200000, 0x000000008b200000| Untracked 
| 179|0x000000008b300000, 0x000000008b400000, 0x000000008b400000|100%| O|  |TAMS 0x000000008b300000, 0x000000008b300000| Untracked 
| 180|0x000000008b400000, 0x000000008b500000, 0x000000008b500000|100%| O|  |TAMS 0x000000008b400000, 0x000000008b400000| Untracked 
| 181|0x000000008b500000, 0x000000008b600000, 0x000000008b600000|100%| O|  |TAMS 0x000000008b500000, 0x000000008b500000| Untracked 
| 182|0x000000008b600000, 0x000000008b700000, 0x000000008b700000|100%| O|  |TAMS 0x000000008b600000, 0x000000008b600000| Untracked 
| 183|0x000000008b700000, 0x000000008b800000, 0x000000008b800000|100%| O|  |TAMS 0x000000008b700000, 0x000000008b700000| Untracked 
| 184|0x000000008b800000, 0x000000008b900000, 0x000000008b900000|100%| O|  |TAMS 0x000000008b800000, 0x000000008b800000| Untracked 
| 185|0x000000008b900000, 0x000000008ba00000, 0x000000008ba00000|100%| O|  |TAMS 0x000000008b900000, 0x000000008b900000| Untracked 
| 186|0x000000008ba00000, 0x000000008bb00000, 0x000000008bb00000|100%| O|  |TAMS 0x000000008ba00000, 0x000000008ba00000| Untracked 
| 187|0x000000008bb00000, 0x000000008bc00000, 0x000000008bc00000|100%| O|  |TAMS 0x000000008bb00000, 0x000000008bb00000| Untracked 
| 188|0x000000008bc00000, 0x000000008bd00000, 0x000000008bd00000|100%| O|  |TAMS 0x000000008bc00000, 0x000000008bc00000| Untracked 
| 189|0x000000008bd00000, 0x000000008be00000, 0x000000008be00000|100%| O|  |TAMS 0x000000008bd00000, 0x000000008bd00000| Untracked 
| 190|0x000000008be00000, 0x000000008bf00000, 0x000000008bf00000|100%| O|  |TAMS 0x000000008be00000, 0x000000008be00000| Untracked 
| 191|0x000000008bf00000, 0x000000008c000000, 0x000000008c000000|100%| O|  |TAMS 0x000000008bf00000, 0x000000008bf00000| Untracked 
| 192|0x000000008c000000, 0x000000008c100000, 0x000000008c100000|100%| O|  |TAMS 0x000000008c000000, 0x000000008c000000| Untracked 
| 193|0x000000008c100000, 0x000000008c200000, 0x000000008c200000|100%| O|  |TAMS 0x000000008c100000, 0x000000008c100000| Untracked 
| 194|0x000000008c200000, 0x000000008c300000, 0x000000008c300000|100%| O|  |TAMS 0x000000008c200000, 0x000000008c200000| Untracked 
| 195|0x000000008c300000, 0x000000008c400000, 0x000000008c400000|100%| O|  |TAMS 0x000000008c300000, 0x000000008c300000| Untracked 
| 196|0x000000008c400000, 0x000000008c500000, 0x000000008c500000|100%| O|  |TAMS 0x000000008c400000, 0x000000008c400000| Untracked 
| 197|0x000000008c500000, 0x000000008c600000, 0x000000008c600000|100%| O|  |TAMS 0x000000008c500000, 0x000000008c500000| Untracked 
| 198|0x000000008c600000, 0x000000008c700000, 0x000000008c700000|100%| O|  |TAMS 0x000000008c600000, 0x000000008c600000| Untracked 
| 199|0x000000008c700000, 0x000000008c800000, 0x000000008c800000|100%| O|  |TAMS 0x000000008c700000, 0x000000008c700000| Untracked 
| 200|0x000000008c800000, 0x000000008c900000, 0x000000008c900000|100%| O|  |TAMS 0x000000008c800000, 0x000000008c800000| Untracked 
| 201|0x000000008c900000, 0x000000008ca00000, 0x000000008ca00000|100%| O|  |TAMS 0x000000008c900000, 0x000000008c900000| Untracked 
| 202|0x000000008ca00000, 0x000000008cb00000, 0x000000008cb00000|100%| O|  |TAMS 0x000000008ca00000, 0x000000008ca00000| Untracked 
| 203|0x000000008cb00000, 0x000000008cc00000, 0x000000008cc00000|100%| O|  |TAMS 0x000000008cb00000, 0x000000008cb00000| Untracked 
| 204|0x000000008cc00000, 0x000000008cd00000, 0x000000008cd00000|100%| O|  |TAMS 0x000000008cc00000, 0x000000008cc00000| Untracked 
| 205|0x000000008cd00000, 0x000000008cd4f200, 0x000000008ce00000| 30%| O|  |TAMS 0x000000008cd00000, 0x000000008cd00000| Untracked 
| 206|0x000000008ce00000, 0x000000008ce00000, 0x000000008cf00000|  0%| F|  |TAMS 0x000000008ce00000, 0x000000008ce00000| Untracked 
| 207|0x000000008cf00000, 0x000000008cf00000, 0x000000008d000000|  0%| F|  |TAMS 0x000000008cf00000, 0x000000008cf00000| Untracked 
| 208|0x000000008d000000, 0x000000008d000000, 0x000000008d100000|  0%| F|  |TAMS 0x000000008d000000, 0x000000008d000000| Untracked 
| 209|0x000000008d100000, 0x000000008d100000, 0x000000008d200000|  0%| F|  |TAMS 0x000000008d100000, 0x000000008d100000| Untracked 
| 210|0x000000008d200000, 0x000000008d200000, 0x000000008d300000|  0%| F|  |TAMS 0x000000008d200000, 0x000000008d200000| Untracked 
| 211|0x000000008d300000, 0x000000008d300000, 0x000000008d400000|  0%| F|  |TAMS 0x000000008d300000, 0x000000008d300000| Untracked 
| 212|0x000000008d400000, 0x000000008d400000, 0x000000008d500000|  0%| F|  |TAMS 0x000000008d400000, 0x000000008d400000| Untracked 
| 213|0x000000008d500000, 0x000000008d500000, 0x000000008d600000|  0%| F|  |TAMS 0x000000008d500000, 0x000000008d500000| Untracked 
| 214|0x000000008d600000, 0x000000008d600000, 0x000000008d700000|  0%| F|  |TAMS 0x000000008d600000, 0x000000008d600000| Untracked 
| 215|0x000000008d700000, 0x000000008d700000, 0x000000008d800000|  0%| F|  |TAMS 0x000000008d700000, 0x000000008d700000| Untracked 
| 216|0x000000008d800000, 0x000000008d800000, 0x000000008d900000|  0%| F|  |TAMS 0x000000008d800000, 0x000000008d800000| Untracked 
| 217|0x000000008d900000, 0x000000008d900000, 0x000000008da00000|  0%| F|  |TAMS 0x000000008d900000, 0x000000008d900000| Untracked 
| 218|0x000000008da00000, 0x000000008da00000, 0x000000008db00000|  0%| F|  |TAMS 0x000000008da00000, 0x000000008da00000| Untracked 
| 219|0x000000008db00000, 0x000000008db00000, 0x000000008dc00000|  0%| F|  |TAMS 0x000000008db00000, 0x000000008db00000| Untracked 
| 220|0x000000008dc00000, 0x000000008dc00000, 0x000000008dd00000|  0%| F|  |TAMS 0x000000008dc00000, 0x000000008dc00000| Untracked 
| 221|0x000000008dd00000, 0x000000008dd00000, 0x000000008de00000|  0%| F|  |TAMS 0x000000008dd00000, 0x000000008dd00000| Untracked 
| 222|0x000000008de00000, 0x000000008de00000, 0x000000008df00000|  0%| F|  |TAMS 0x000000008de00000, 0x000000008de00000| Untracked 
| 223|0x000000008df00000, 0x000000008df00000, 0x000000008e000000|  0%| F|  |TAMS 0x000000008df00000, 0x000000008df00000| Untracked 
| 224|0x000000008e000000, 0x000000008e000000, 0x000000008e100000|  0%| F|  |TAMS 0x000000008e000000, 0x000000008e000000| Untracked 
| 225|0x000000008e100000, 0x000000008e100000, 0x000000008e200000|  0%| F|  |TAMS 0x000000008e100000, 0x000000008e100000| Untracked 
| 226|0x000000008e200000, 0x000000008e200000, 0x000000008e300000|  0%| F|  |TAMS 0x000000008e200000, 0x000000008e200000| Untracked 
| 227|0x000000008e300000, 0x000000008e300000, 0x000000008e400000|  0%| F|  |TAMS 0x000000008e300000, 0x000000008e300000| Untracked 
| 228|0x000000008e400000, 0x000000008e400000, 0x000000008e500000|  0%| F|  |TAMS 0x000000008e400000, 0x000000008e400000| Untracked 
| 229|0x000000008e500000, 0x000000008e500000, 0x000000008e600000|  0%| F|  |TAMS 0x000000008e500000, 0x000000008e500000| Untracked 
| 230|0x000000008e600000, 0x000000008e600000, 0x000000008e700000|  0%| F|  |TAMS 0x000000008e600000, 0x000000008e600000| Untracked 
| 231|0x000000008e700000, 0x000000008e700000, 0x000000008e800000|  0%| F|  |TAMS 0x000000008e700000, 0x000000008e700000| Untracked 
| 232|0x000000008e800000, 0x000000008e800000, 0x000000008e900000|  0%| F|  |TAMS 0x000000008e800000, 0x000000008e800000| Untracked 
| 233|0x000000008e900000, 0x000000008e900000, 0x000000008ea00000|  0%| F|  |TAMS 0x000000008e900000, 0x000000008e900000| Untracked 
| 234|0x000000008ea00000, 0x000000008ea00000, 0x000000008eb00000|  0%| F|  |TAMS 0x000000008ea00000, 0x000000008ea00000| Untracked 
| 235|0x000000008eb00000, 0x000000008eb00000, 0x000000008ec00000|  0%| F|  |TAMS 0x000000008eb00000, 0x000000008eb00000| Untracked 
| 236|0x000000008ec00000, 0x000000008ec00000, 0x000000008ed00000|  0%| F|  |TAMS 0x000000008ec00000, 0x000000008ec00000| Untracked 
| 237|0x000000008ed00000, 0x000000008ed00000, 0x000000008ee00000|  0%| F|  |TAMS 0x000000008ed00000, 0x000000008ed00000| Untracked 
| 238|0x000000008ee00000, 0x000000008ee00000, 0x000000008ef00000|  0%| F|  |TAMS 0x000000008ee00000, 0x000000008ee00000| Untracked 
| 239|0x000000008ef00000, 0x000000008ef00000, 0x000000008f000000|  0%| F|  |TAMS 0x000000008ef00000, 0x000000008ef00000| Untracked 
| 240|0x000000008f000000, 0x000000008f06ea90, 0x000000008f100000| 43%| S|CS|TAMS 0x000000008f000000, 0x000000008f000000| Complete 
| 241|0x000000008f100000, 0x000000008f200000, 0x000000008f200000|100%| S|CS|TAMS 0x000000008f100000, 0x000000008f100000| Complete 
| 242|0x000000008f200000, 0x000000008f200000, 0x000000008f300000|  0%| F|  |TAMS 0x000000008f200000, 0x000000008f200000| Untracked 
| 243|0x000000008f300000, 0x000000008f300000, 0x000000008f400000|  0%| F|  |TAMS 0x000000008f300000, 0x000000008f300000| Untracked 
| 244|0x000000008f400000, 0x000000008f400000, 0x000000008f500000|  0%| F|  |TAMS 0x000000008f400000, 0x000000008f400000| Untracked 
| 245|0x000000008f500000, 0x000000008f500000, 0x000000008f600000|  0%| F|  |TAMS 0x000000008f500000, 0x000000008f500000| Untracked 
| 246|0x000000008f600000, 0x000000008f600000, 0x000000008f700000|  0%| F|  |TAMS 0x000000008f600000, 0x000000008f600000| Untracked 
| 247|0x000000008f700000, 0x000000008f700000, 0x000000008f800000|  0%| F|  |TAMS 0x000000008f700000, 0x000000008f700000| Untracked 
| 248|0x000000008f800000, 0x000000008f800000, 0x000000008f900000|  0%| F|  |TAMS 0x000000008f800000, 0x000000008f800000| Untracked 
| 249|0x000000008f900000, 0x000000008f900000, 0x000000008fa00000|  0%| F|  |TAMS 0x000000008f900000, 0x000000008f900000| Untracked 
| 250|0x000000008fa00000, 0x000000008fa00000, 0x000000008fb00000|  0%| F|  |TAMS 0x000000008fa00000, 0x000000008fa00000| Untracked 
| 251|0x000000008fb00000, 0x000000008fb00000, 0x000000008fc00000|  0%| F|  |TAMS 0x000000008fb00000, 0x000000008fb00000| Untracked 
| 252|0x000000008fc00000, 0x000000008fc00000, 0x000000008fd00000|  0%| F|  |TAMS 0x000000008fc00000, 0x000000008fc00000| Untracked 
| 253|0x000000008fd00000, 0x000000008fd00000, 0x000000008fe00000|  0%| F|  |TAMS 0x000000008fd00000, 0x000000008fd00000| Untracked 
| 254|0x000000008fe00000, 0x000000008fe00000, 0x000000008ff00000|  0%| F|  |TAMS 0x000000008fe00000, 0x000000008fe00000| Untracked 
| 255|0x000000008ff00000, 0x000000008ff00000, 0x0000000090000000|  0%| F|  |TAMS 0x000000008ff00000, 0x000000008ff00000| Untracked 
| 256|0x0000000090000000, 0x0000000090000000, 0x0000000090100000|  0%| F|  |TAMS 0x0000000090000000, 0x0000000090000000| Untracked 
| 257|0x0000000090100000, 0x0000000090100000, 0x0000000090200000|  0%| F|  |TAMS 0x0000000090100000, 0x0000000090100000| Untracked 
| 258|0x0000000090200000, 0x0000000090200000, 0x0000000090300000|  0%| F|  |TAMS 0x0000000090200000, 0x0000000090200000| Untracked 
| 259|0x0000000090300000, 0x0000000090300000, 0x0000000090400000|  0%| F|  |TAMS 0x0000000090300000, 0x0000000090300000| Untracked 
| 260|0x0000000090400000, 0x00000000904c6880, 0x0000000090500000| 77%| E|  |TAMS 0x0000000090400000, 0x0000000090400000| Complete 
| 261|0x0000000090500000, 0x0000000090600000, 0x0000000090600000|100%| E|CS|TAMS 0x0000000090500000, 0x0000000090500000| Complete 
| 262|0x0000000090600000, 0x0000000090700000, 0x0000000090700000|100%| E|CS|TAMS 0x0000000090600000, 0x0000000090600000| Complete 
| 263|0x0000000090700000, 0x0000000090800000, 0x0000000090800000|100%| E|CS|TAMS 0x0000000090700000, 0x0000000090700000| Complete 
| 264|0x0000000090800000, 0x0000000090900000, 0x0000000090900000|100%| E|CS|TAMS 0x0000000090800000, 0x0000000090800000| Complete 
| 265|0x0000000090900000, 0x0000000090a00000, 0x0000000090a00000|100%| E|CS|TAMS 0x0000000090900000, 0x0000000090900000| Complete 
| 266|0x0000000090a00000, 0x0000000090b00000, 0x0000000090b00000|100%| E|CS|TAMS 0x0000000090a00000, 0x0000000090a00000| Complete 
| 267|0x0000000090b00000, 0x0000000090c00000, 0x0000000090c00000|100%| E|CS|TAMS 0x0000000090b00000, 0x0000000090b00000| Complete 
| 268|0x0000000090c00000, 0x0000000090d00000, 0x0000000090d00000|100%| E|CS|TAMS 0x0000000090c00000, 0x0000000090c00000| Complete 

Card table byte_map: [0x00000275b0460000,0x00000275b0860000] _byte_map_base: 0x00000275b0060000

Marking Bits (Prev, Next): (CMBitMap*) 0x00000275977bf530, (CMBitMap*) 0x00000275977bf570
 Prev Bits: [0x00000275b0c60000, 0x00000275b2c60000)
 Next Bits: [0x00000275b2c60000, 0x00000275b4c60000)

Polling page: 0x0000027597820000

Metaspace:

Usage:
  Non-class:     95.55 MB used.
      Class:     15.21 MB used.
       Both:    110.76 MB used.

Virtual space:
  Non-class space:      128.00 MB reserved,      96.19 MB ( 75%) committed,  2 nodes.
      Class space:      416.00 MB reserved,      15.81 MB (  4%) committed,  1 nodes.
             Both:      544.00 MB reserved,     112.00 MB ( 21%) committed. 

Chunk freelists:
   Non-Class:  15.81 MB
       Class:  33.00 KB
        Both:  15.84 MB

MaxMetaspaceSize: 512.00 MB
CompressedClassSpaceSize: 416.00 MB
Initial GC threshold: 21.00 MB
Current GC threshold: 157.12 MB
CDS: on
MetaspaceReclaimPolicy: balanced
 - commit_granule_bytes: 65536.
 - commit_granule_words: 8192.
 - virtual_space_node_default_size: 8388608.
 - enlarge_chunks_in_place: 1.
 - new_chunks_are_fully_committed: 0.
 - uncommit_free_chunks: 1.
 - use_allocation_guard: 0.
 - handle_deallocations: 1.


Internal statistics:

num_allocs_failed_limit: 6.
num_arena_births: 1606.
num_arena_deaths: 0.
num_vsnodes_births: 3.
num_vsnodes_deaths: 0.
num_space_committed: 1791.
num_space_uncommitted: 0.
num_chunks_returned_to_freelist: 6.
num_chunks_taken_from_freelist: 6617.
num_chunk_merges: 6.
num_chunk_splits: 4179.
num_chunks_enlarged: 2581.
num_inconsistent_stats: 0.

CodeHeap 'non-profiled nmethods': size=120000Kb used=10945Kb max_used=10945Kb free=109054Kb
 bounds [0x00000275a8500000, 0x00000275a8fc0000, 0x00000275afa30000]
CodeHeap 'profiled nmethods': size=120000Kb used=29749Kb max_used=29749Kb free=90250Kb
 bounds [0x00000275a0a30000, 0x00000275a2740000, 0x00000275a7f60000]
CodeHeap 'non-nmethods': size=5760Kb used=2461Kb max_used=2537Kb free=3298Kb
 bounds [0x00000275a7f60000, 0x00000275a81e0000, 0x00000275a8500000]
 total_blobs=15962 nmethods=14962 adapters=911
 compilation: enabled
              stopped_count=0, restarted_count=0
 full_count=0

Compilation events (20 events):
Event: 187.953 Thread 0x00000275b7280d30 nmethod 17327 0x00000275a8f96e10 code [0x00000275a8f96f80, 0x00000275a8f97038]
Event: 187.953 Thread 0x00000275b7280d30 17329       4       com.google.common.cache.LocalCache$Segment::setValue (82 bytes)
Event: 187.978 Thread 0x00000275b7280d30 nmethod 17329 0x00000275a8f97110 code [0x00000275a8f97300, 0x00000275a8f97ac8]
Event: 187.978 Thread 0x00000275b7280d30 17328       4       org.gradle.cache.internal.DefaultFileLockManager$DefaultFileLock::assertOpenAndIntegral (41 bytes)
Event: 187.981 Thread 0x00000275b7280d30 nmethod 17328 0x00000275a8f98210 code [0x00000275a8f983a0, 0x00000275a8f984b8]
Event: 187.981 Thread 0x00000275b7280d30 17325       4       org.gradle.internal.file.FileHierarchySet$PrefixFileSet::contains (10 bytes)
Event: 187.983 Thread 0x00000275b7280d30 nmethod 17325 0x00000275a8f98610 code [0x00000275a8f987a0, 0x00000275a8f98868]
Event: 187.995 Thread 0x00000275b7280d30 17330       4       org.gradle.api.internal.changedetection.state.CachingFileHasher$FileInfoSerializer::read (36 bytes)
Event: 188.072 Thread 0x00000275b7280d30 nmethod 17330 0x00000275a8f98990 code [0x00000275a8f98c20, 0x00000275a8f9a4c0]
Event: 188.072 Thread 0x00000275b7280d30 17332   !   4       org.gradle.cache.internal.ExclusiveCacheAccessingWorker::read (42 bytes)
Event: 188.109 Thread 0x00000275dc06f920 nmethod 17321 0x00000275a8f9b690 code [0x00000275a8f9bc00, 0x00000275a8fa2a58]
Event: 188.110 Thread 0x00000275dc06f920 17331       4       org.gradle.api.internal.changedetection.state.CachingFileHasher$FileInfoSerializer::read (6 bytes)
Event: 188.111 Thread 0x00000275dc06f920 nmethod 17331 0x00000275a8fa6110 code [0x00000275a8fa62a0, 0x00000275a8fa6348]
Event: 188.113 Thread 0x00000275dc06f920 17333   !   4       org.gradle.cache.internal.DefaultMultiProcessSafeIndexedCache::getIfPresent (25 bytes)
Event: 188.196 Thread 0x00000275b7280d30 nmethod 17332 0x00000275a8fa6410 code [0x00000275a8fa66a0, 0x00000275a8fa8560]
Event: 188.197 Thread 0x00000275b7280d30 17337       4       java.util.concurrent.FutureTask::get (23 bytes)
Event: 188.215 Thread 0x00000275b7280d30 nmethod 17337 0x00000275a8fa9310 code [0x00000275a8fa94a0, 0x00000275a8fa9c68]
Event: 188.215 Thread 0x00000275b7280d30 17338       4       org.gradle.cache.internal.btree.BTreePersistentIndexedCache$IndexBlock::find (18 bytes)
Event: 188.244 Thread 0x00000275b7280d30 nmethod 17338 0x00000275a8fa9f10 code [0x00000275a8faa100, 0x00000275a8faa848]
Event: 188.244 Thread 0x00000275b7280d30 17334       4       org.gradle.cache.internal.DefaultCacheCoordinator$UnitOfWorkFileAccess::readFile (14 bytes)

GC Heap History (20 events):
Event: 172.381 GC heap before
{Heap before GC invocations=69 (full 0):
 garbage-first heap   total 275456K, used 221092K [0x0000000080000000, 0x0000000100000000)
  region size 1024K, 62 young (63488K), 5 survivors (5120K)
 Metaspace       used 105439K, committed 106624K, reserved 557056K
  class space    used 14645K, committed 15168K, reserved 425984K
}
Event: 172.431 GC heap after
{Heap after GC invocations=70 (full 0):
 garbage-first heap   total 275456K, used 177015K [0x0000000080000000, 0x0000000100000000)
  region size 1024K, 8 young (8192K), 8 survivors (8192K)
 Metaspace       used 105439K, committed 106624K, reserved 557056K
  class space    used 14645K, committed 15168K, reserved 425984K
}
Event: 174.901 GC heap before
{Heap before GC invocations=70 (full 0):
 garbage-first heap   total 275456K, used 224119K [0x0000000080000000, 0x0000000100000000)
  region size 1024K, 54 young (55296K), 8 survivors (8192K)
 Metaspace       used 108789K, committed 110016K, reserved 557056K
  class space    used 15129K, committed 15680K, reserved 425984K
}
Event: 174.934 GC heap after
{Heap after GC invocations=71 (full 0):
 garbage-first heap   total 275456K, used 181869K [0x0000000080000000, 0x0000000100000000)
  region size 1024K, 4 young (4096K), 4 survivors (4096K)
 Metaspace       used 108789K, committed 110016K, reserved 557056K
  class space    used 15129K, committed 15680K, reserved 425984K
}
Event: 176.725 GC heap before
{Heap before GC invocations=71 (full 0):
 garbage-first heap   total 275456K, used 227949K [0x0000000080000000, 0x0000000100000000)
  region size 1024K, 49 young (50176K), 4 survivors (4096K)
 Metaspace       used 109663K, committed 110912K, reserved 557056K
  class space    used 15215K, committed 15808K, reserved 425984K
}
Event: 176.782 GC heap after
{Heap after GC invocations=72 (full 0):
 garbage-first heap   total 275456K, used 189322K [0x0000000080000000, 0x0000000100000000)
  region size 1024K, 7 young (7168K), 7 survivors (7168K)
 Metaspace       used 109663K, committed 110912K, reserved 557056K
  class space    used 15215K, committed 15808K, reserved 425984K
}
Event: 178.226 GC heap before
{Heap before GC invocations=72 (full 0):
 garbage-first heap   total 275456K, used 230282K [0x0000000080000000, 0x0000000100000000)
  region size 1024K, 47 young (48128K), 7 survivors (7168K)
 Metaspace       used 109844K, committed 111104K, reserved 557056K
  class space    used 15216K, committed 15808K, reserved 425984K
}
Event: 178.263 GC heap after
{Heap after GC invocations=73 (full 0):
 garbage-first heap   total 275456K, used 194278K [0x0000000080000000, 0x0000000100000000)
  region size 1024K, 5 young (5120K), 5 survivors (5120K)
 Metaspace       used 109844K, committed 111104K, reserved 557056K
  class space    used 15216K, committed 15808K, reserved 425984K
}
Event: 180.345 GC heap before
{Heap before GC invocations=73 (full 0):
 garbage-first heap   total 275456K, used 231142K [0x0000000080000000, 0x0000000100000000)
  region size 1024K, 41 young (41984K), 5 survivors (5120K)
 Metaspace       used 110093K, committed 111296K, reserved 557056K
  class space    used 15238K, committed 15808K, reserved 425984K
}
Event: 180.369 GC heap after
{Heap after GC invocations=74 (full 0):
 garbage-first heap   total 275456K, used 198645K [0x0000000080000000, 0x0000000100000000)
  region size 1024K, 5 young (5120K), 5 survivors (5120K)
 Metaspace       used 110093K, committed 111296K, reserved 557056K
  class space    used 15238K, committed 15808K, reserved 425984K
}
Event: 182.492 GC heap before
{Heap before GC invocations=74 (full 0):
 garbage-first heap   total 275456K, used 237557K [0x0000000080000000, 0x0000000100000000)
  region size 1024K, 39 young (39936K), 5 survivors (5120K)
 Metaspace       used 112418K, committed 113728K, reserved 557056K
  class space    used 15469K, committed 16064K, reserved 425984K
}
Event: 182.516 GC heap after
{Heap after GC invocations=75 (full 0):
 garbage-first heap   total 275456K, used 203385K [0x0000000080000000, 0x0000000100000000)
  region size 1024K, 5 young (5120K), 5 survivors (5120K)
 Metaspace       used 112418K, committed 113728K, reserved 557056K
  class space    used 15469K, committed 16064K, reserved 425984K
}
Event: 183.841 GC heap before
{Heap before GC invocations=75 (full 0):
 garbage-first heap   total 275456K, used 234105K [0x0000000080000000, 0x0000000100000000)
  region size 1024K, 36 young (36864K), 5 survivors (5120K)
 Metaspace       used 112729K, committed 114048K, reserved 557056K
  class space    used 15480K, committed 16064K, reserved 425984K
}
Event: 183.857 GC heap after
{Heap after GC invocations=76 (full 0):
 garbage-first heap   total 275456K, used 205425K [0x0000000080000000, 0x0000000100000000)
  region size 1024K, 2 young (2048K), 2 survivors (2048K)
 Metaspace       used 112729K, committed 114048K, reserved 557056K
  class space    used 15480K, committed 16064K, reserved 425984K
}
Event: 184.671 GC heap before
{Heap before GC invocations=76 (full 0):
 garbage-first heap   total 275456K, used 237169K [0x0000000080000000, 0x0000000100000000)
  region size 1024K, 33 young (33792K), 2 survivors (2048K)
 Metaspace       used 112909K, committed 114176K, reserved 557056K
  class space    used 15480K, committed 16064K, reserved 425984K
}
Event: 184.679 GC heap after
{Heap after GC invocations=77 (full 0):
 garbage-first heap   total 275456K, used 206202K [0x0000000080000000, 0x0000000100000000)
  region size 1024K, 3 young (3072K), 3 survivors (3072K)
 Metaspace       used 112909K, committed 114176K, reserved 557056K
  class space    used 15480K, committed 16064K, reserved 425984K
}
Event: 186.936 GC heap before
{Heap before GC invocations=77 (full 0):
 garbage-first heap   total 275456K, used 236922K [0x0000000080000000, 0x0000000100000000)
  region size 1024K, 34 young (34816K), 3 survivors (3072K)
 Metaspace       used 113415K, committed 114688K, reserved 557056K
  class space    used 15577K, committed 16192K, reserved 425984K
}
Event: 186.955 GC heap after
{Heap after GC invocations=78 (full 0):
 garbage-first heap   total 275456K, used 209995K [0x0000000080000000, 0x0000000100000000)
  region size 1024K, 5 young (5120K), 5 survivors (5120K)
 Metaspace       used 113415K, committed 114688K, reserved 557056K
  class space    used 15577K, committed 16192K, reserved 425984K
}
Event: 187.884 GC heap before
{Heap before GC invocations=78 (full 0):
 garbage-first heap   total 275456K, used 237643K [0x0000000080000000, 0x0000000100000000)
  region size 1024K, 32 young (32768K), 5 survivors (5120K)
 Metaspace       used 113415K, committed 114688K, reserved 557056K
  class space    used 15577K, committed 16192K, reserved 425984K
}
Event: 187.896 GC heap after
{Heap after GC invocations=79 (full 0):
 garbage-first heap   total 275456K, used 211611K [0x0000000080000000, 0x0000000100000000)
  region size 1024K, 2 young (2048K), 2 survivors (2048K)
 Metaspace       used 113415K, committed 114688K, reserved 557056K
  class space    used 15577K, committed 16192K, reserved 425984K
}

Dll operation events (14 events):
Event: 0.029 Loaded shared library C:\Program Files\Microsoft\jdk-17.0.8.7-hotspot\bin\java.dll
Event: 0.083 Loaded shared library C:\Program Files\Microsoft\jdk-17.0.8.7-hotspot\bin\jsvml.dll
Event: 0.343 Loaded shared library C:\Program Files\Microsoft\jdk-17.0.8.7-hotspot\bin\zip.dll
Event: 0.356 Loaded shared library C:\Program Files\Microsoft\jdk-17.0.8.7-hotspot\bin\instrument.dll
Event: 0.370 Loaded shared library C:\Program Files\Microsoft\jdk-17.0.8.7-hotspot\bin\net.dll
Event: 0.373 Loaded shared library C:\Program Files\Microsoft\jdk-17.0.8.7-hotspot\bin\nio.dll
Event: 0.384 Loaded shared library C:\Program Files\Microsoft\jdk-17.0.8.7-hotspot\bin\zip.dll
Event: 1.343 Loaded shared library C:\Program Files\Microsoft\jdk-17.0.8.7-hotspot\bin\jimage.dll
Event: 1.651 Loaded shared library C:\Program Files\Microsoft\jdk-17.0.8.7-hotspot\bin\verify.dll
Event: 2.172 Loaded shared library C:\Users\Fast laptop\.gradle\native\68d5fa5c4cc2d200863cafc0d521ce42e7d3e7ee720ec0a83991735586a16f82\windows-amd64\native-platform.dll
Event: 2.227 Loaded shared library C:\Users\Fast laptop\.gradle\native\e376f236ea51e6404a007f0833ffe2c6e607c4080706a723a18a27aeea778392\windows-amd64\native-platform-file-events.dll
Event: 6.535 Loaded shared library C:\Program Files\Microsoft\jdk-17.0.8.7-hotspot\bin\management.dll
Event: 6.543 Loaded shared library C:\Program Files\Microsoft\jdk-17.0.8.7-hotspot\bin\management_ext.dll
Event: 9.115 Loaded shared library C:\Program Files\Microsoft\jdk-17.0.8.7-hotspot\bin\sunmscapi.dll

Deoptimization events (20 events):
Event: 185.812 Thread 0x00000275d8a135a0 Uncommon trap: trap_request=0xffffffc6 fr.pc=0x00000275a8ee90c0 relative=0x00000000000000a0
Event: 185.812 Thread 0x00000275d8a135a0 Uncommon trap: reason=bimorphic_or_optimized_type_check action=maybe_recompile pc=0x00000275a8ee90c0 method=org.gradle.execution.plan.ActionNode.hasPendingPreExecutionNodes()Z @ 11 c2
Event: 185.812 Thread 0x00000275d8a135a0 DEOPT PACKING pc=0x00000275a8ee90c0 sp=0x000000eb641fee10
Event: 185.812 Thread 0x00000275d8a135a0 DEOPT UNPACKING pc=0x00000275a7fb69a3 sp=0x000000eb641feda0 mode 2
Event: 186.123 Thread 0x00000275e3ae72f0 Uncommon trap: trap_request=0xffffffbe fr.pc=0x00000275a8f3ba68 relative=0x0000000000000d08
Event: 186.123 Thread 0x00000275e3ae72f0 Uncommon trap: reason=profile_predicate action=maybe_recompile pc=0x00000275a8f3ba68 method=org.gradle.tooling.internal.provider.runner.ClientBuildEventGenerator.started(Lorg/gradle/internal/operations/BuildOperationDescriptor;Lorg/gradle/internal/operati
Event: 186.123 Thread 0x00000275e3ae72f0 DEOPT PACKING pc=0x00000275a8f3ba68 sp=0x000000eb660fe520
Event: 186.123 Thread 0x00000275e3ae72f0 DEOPT UNPACKING pc=0x00000275a7fb69a3 sp=0x000000eb660fe4d8 mode 2
Event: 186.125 Thread 0x00000275e3aea080 Uncommon trap: trap_request=0xffffffbe fr.pc=0x00000275a8f3ba68 relative=0x0000000000000d08
Event: 186.125 Thread 0x00000275e3aea080 Uncommon trap: reason=profile_predicate action=maybe_recompile pc=0x00000275a8f3ba68 method=org.gradle.tooling.internal.provider.runner.ClientBuildEventGenerator.started(Lorg/gradle/internal/operations/BuildOperationDescriptor;Lorg/gradle/internal/operati
Event: 186.125 Thread 0x00000275e3aea080 DEOPT PACKING pc=0x00000275a8f3ba68 sp=0x000000eb65ffe670
Event: 186.125 Thread 0x00000275e3aea080 DEOPT UNPACKING pc=0x00000275a7fb69a3 sp=0x000000eb65ffe628 mode 2
Event: 186.125 Thread 0x00000275e3aed320 Uncommon trap: trap_request=0xffffffbe fr.pc=0x00000275a8f3ba68 relative=0x0000000000000d08
Event: 186.125 Thread 0x00000275e3aed320 Uncommon trap: reason=profile_predicate action=maybe_recompile pc=0x00000275a8f3ba68 method=org.gradle.tooling.internal.provider.runner.ClientBuildEventGenerator.started(Lorg/gradle/internal/operations/BuildOperationDescriptor;Lorg/gradle/internal/operati
Event: 186.125 Thread 0x00000275e3aed320 DEOPT PACKING pc=0x00000275a8f3ba68 sp=0x000000eb65cfe6e0
Event: 186.126 Thread 0x00000275e3aed320 DEOPT UNPACKING pc=0x00000275a7fb69a3 sp=0x000000eb65cfe698 mode 2
Event: 186.256 Thread 0x00000275d8a0fdf0 Uncommon trap: trap_request=0xffffffbe fr.pc=0x00000275a8f3ba68 relative=0x0000000000000d08
Event: 186.256 Thread 0x00000275d8a0fdf0 Uncommon trap: reason=profile_predicate action=maybe_recompile pc=0x00000275a8f3ba68 method=org.gradle.tooling.internal.provider.runner.ClientBuildEventGenerator.started(Lorg/gradle/internal/operations/BuildOperationDescriptor;Lorg/gradle/internal/operati
Event: 186.256 Thread 0x00000275d8a0fdf0 DEOPT PACKING pc=0x00000275a8f3ba68 sp=0x000000eb642fad60
Event: 186.257 Thread 0x00000275d8a0fdf0 DEOPT UNPACKING pc=0x00000275a7fb69a3 sp=0x000000eb642fad18 mode 2

Classes unloaded (0 events):
No events

Classes redefined (0 events):
No events

Internal exceptions (20 events):
Event: 181.875 Thread 0x00000275d765a910 Exception <a 'sun/nio/fs/WindowsException'{0x000000008f42bbf8}> (0x000000008f42bbf8) 
thrown [s\src\hotspot\share\prims\jni.cpp, line 516]
Event: 182.234 Thread 0x00000275dbfc6080 Exception <a 'java/lang/NoSuchMethodError'{0x000000008f0ec8b8}: 'void java.lang.invoke.DirectMethodHandle$Holder.invokeStatic(java.lang.Object, java.lang.Object, java.lang.Object, java.lang.Object, int, java.lang.Object, java.lang.Object)'> (0x000000008f0ec8b8) 
thrown [s\src\hotspot\share\interpreter\linkResolver.cpp, line 759]
Event: 182.306 Thread 0x00000275e3aee250 Exception <a 'java/lang/NoSuchMethodError'{0x000000008ee886a8}: 'java.lang.Object java.lang.invoke.DirectMethodHandle$Holder.invokeSpecialIFC(java.lang.Object, java.lang.Object, java.lang.Object)'> (0x000000008ee886a8) 
thrown [s\src\hotspot\share\interpreter\linkResolver.cpp, line 759]
Event: 182.306 Thread 0x00000275dbfc6080 Exception <a 'java/lang/NoSuchMethodError'{0x000000008ee6f5d0}: 'java.lang.Object java.lang.invoke.DirectMethodHandle$Holder.invokeSpecialIFC(java.lang.Object, java.lang.Object, java.lang.Object)'> (0x000000008ee6f5d0) 
thrown [s\src\hotspot\share\interpreter\linkResolver.cpp, line 759]
Event: 182.307 Thread 0x00000275e3ae7d10 Exception <a 'java/lang/NoSuchMethodError'{0x000000008ef97748}: 'java.lang.Object java.lang.invoke.DirectMethodHandle$Holder.invokeSpecialIFC(java.lang.Object, java.lang.Object, java.lang.Object)'> (0x000000008ef97748) 
thrown [s\src\hotspot\share\interpreter\linkResolver.cpp, line 759]
Event: 182.307 Thread 0x00000275d7659ef0 Exception <a 'java/lang/NoSuchMethodError'{0x000000008ee31df0}: 'java.lang.Object java.lang.invoke.DirectMethodHandle$Holder.invokeSpecialIFC(java.lang.Object, java.lang.Object, java.lang.Object)'> (0x000000008ee31df0) 
thrown [s\src\hotspot\share\interpreter\linkResolver.cpp, line 759]
Event: 182.677 Thread 0x00000275dbfc6080 Exception <a 'java/lang/NoSuchMethodError'{0x0000000090984430}: 'void java.lang.invoke.DirectMethodHandle$Holder.invokeVirtual(java.lang.Object, java.lang.Object)'> (0x0000000090984430) 
thrown [s\src\hotspot\share\interpreter\linkResolver.cpp, line 759]
Event: 183.315 Thread 0x00000275d8a149e0 Implicit null exception at 0x00000275a8e42f39 to 0x00000275a8e43434
Event: 183.673 Thread 0x00000275d8a135a0 Implicit null exception at 0x00000275a8ee3f5b to 0x00000275a8ee3fec
Event: 184.838 Thread 0x00000275d8a135a0 Exception <a 'java/lang/ClassNotFoundException'{0x00000000906246e0}: groovy/util/FileTreeBuilderBeanInfo> (0x00000000906246e0) 
thrown [s\src\hotspot\share\classfile\systemDictionary.cpp, line 256]
Event: 184.841 Thread 0x00000275d8a135a0 Exception <a 'java/lang/ClassNotFoundException'{0x00000000906d7140}: groovy/util/FileTreeBuilderCustomizer> (0x00000000906d7140) 
thrown [s\src\hotspot\share\classfile\systemDictionary.cpp, line 256]
Event: 184.889 Thread 0x00000275d8a135a0 Exception <a 'java/lang/ClassNotFoundException'{0x000000009056e6a8}: java/io/BufferedWriterBeanInfo> (0x000000009056e6a8) 
thrown [s\src\hotspot\share\classfile\systemDictionary.cpp, line 256]
Event: 184.890 Thread 0x00000275d8a135a0 Exception <a 'java/lang/ClassNotFoundException'{0x0000000090573d68}: java/io/WriterBeanInfo> (0x0000000090573d68) 
thrown [s\src\hotspot\share\classfile\systemDictionary.cpp, line 256]
Event: 184.891 Thread 0x00000275d8a135a0 Exception <a 'java/lang/ClassNotFoundException'{0x00000000905791e0}: java/io/WriterCustomizer> (0x00000000905791e0) 
thrown [s\src\hotspot\share\classfile\systemDictionary.cpp, line 256]
Event: 184.892 Thread 0x00000275d8a135a0 Exception <a 'java/lang/ClassNotFoundException'{0x00000000905878b0}: java/io/BufferedWriterCustomizer> (0x00000000905878b0) 
thrown [s\src\hotspot\share\classfile\systemDictionary.cpp, line 256]
Event: 185.318 Thread 0x00000275d8a135a0 Exception <a 'java/lang/NoSuchMethodError'{0x00000000904322f8}: static Lcom/android/build/api/variant/BuildConfigField;.<clinit>()V> (0x00000000904322f8) 
thrown [s\src\hotspot\share\prims\jni.cpp, line 1107]
Event: 186.123 Thread 0x00000275e3ae72f0 Implicit null exception at 0x00000275a8f3b0a1 to 0x00000275a8f3ba58
Event: 186.125 Thread 0x00000275e3aea080 Implicit null exception at 0x00000275a8f3b0a1 to 0x00000275a8f3ba58
Event: 186.125 Thread 0x00000275e3aed320 Implicit null exception at 0x00000275a8f3b0a1 to 0x00000275a8f3ba58
Event: 186.256 Thread 0x00000275d8a0fdf0 Implicit null exception at 0x00000275a8f3b0a1 to 0x00000275a8f3ba58

VM Operations (20 events):
Event: 182.345 Executing VM operation: HandshakeAllThreads
Event: 182.346 Executing VM operation: HandshakeAllThreads done
Event: 182.492 Executing VM operation: G1CollectForAllocation
Event: 182.518 Executing VM operation: G1CollectForAllocation done
Event: 183.449 Executing VM operation: ICBufferFull
Event: 183.449 Executing VM operation: ICBufferFull done
Event: 183.841 Executing VM operation: G1CollectForAllocation
Event: 183.858 Executing VM operation: G1CollectForAllocation done
Event: 184.670 Executing VM operation: G1CollectForAllocation
Event: 184.679 Executing VM operation: G1CollectForAllocation done
Event: 184.783 Executing VM operation: HandshakeAllThreads
Event: 184.783 Executing VM operation: HandshakeAllThreads done
Event: 185.673 Executing VM operation: ICBufferFull
Event: 185.673 Executing VM operation: ICBufferFull done
Event: 186.680 Executing VM operation: Cleanup
Event: 186.680 Executing VM operation: Cleanup done
Event: 186.936 Executing VM operation: G1CollectForAllocation
Event: 186.955 Executing VM operation: G1CollectForAllocation done
Event: 187.884 Executing VM operation: G1CollectForAllocation
Event: 187.896 Executing VM operation: G1CollectForAllocation done

Events (20 events):
Event: 183.772 Thread 0x00000275e3aeb4c0 Thread added: 0x00000275e3aeb4c0
Event: 184.744 Thread 0x00000275e3ae9660 Thread added: 0x00000275e3ae9660
Event: 184.888 loading class java/io/BufferedWriterBeanInfo
Event: 184.888 loading class java/io/BufferedWriterBeanInfo done
Event: 184.889 loading class java/io/BufferedWriterBeanInfo
Event: 184.889 loading class java/io/BufferedWriterBeanInfo done
Event: 184.889 loading class java/io/WriterBeanInfo
Event: 184.889 loading class java/io/WriterBeanInfo done
Event: 184.890 loading class java/io/WriterBeanInfo
Event: 184.890 loading class java/io/WriterBeanInfo done
Event: 184.890 loading class java/io/WriterCustomizer
Event: 184.890 loading class java/io/WriterCustomizer done
Event: 184.890 loading class java/io/WriterCustomizer
Event: 184.890 loading class java/io/WriterCustomizer done
Event: 184.891 loading class java/io/BufferedWriterCustomizer
Event: 184.891 loading class java/io/BufferedWriterCustomizer done
Event: 184.892 loading class java/io/BufferedWriterCustomizer
Event: 184.892 loading class java/io/BufferedWriterCustomizer done
Event: 185.596 Thread 0x00000275dc06e3e0 Thread exited: 0x00000275dc06e3e0
Event: 185.727 Thread 0x00000275dc06f920 Thread added: 0x00000275dc06f920


Dynamic libraries:
0x00007ff6b00f0000 - 0x00007ff6b00fe000 	C:\Program Files\Microsoft\jdk-17.0.8.7-hotspot\bin\java.exe
0x00007ffaf3390000 - 0x00007ffaf3588000 	C:\Windows\SYSTEM32\ntdll.dll
0x00007ffaf1de0000 - 0x00007ffaf1e9d000 	C:\Windows\System32\KERNEL32.DLL
0x00007ffaf0c80000 - 0x00007ffaf0f76000 	C:\Windows\System32\KERNELBASE.dll
0x00007ffaf0a50000 - 0x00007ffaf0b50000 	C:\Windows\System32\ucrtbase.dll
0x00007ffad2a20000 - 0x00007ffad2a37000 	C:\Program Files\Microsoft\jdk-17.0.8.7-hotspot\bin\jli.dll
0x00007ffaf2c20000 - 0x00007ffaf2dbe000 	C:\Windows\System32\USER32.dll
0x00007ffaf1280000 - 0x00007ffaf12a2000 	C:\Windows\System32\win32u.dll
0x00007ffaf13d0000 - 0x00007ffaf13fb000 	C:\Windows\System32\GDI32.dll
0x00007ffaf12b0000 - 0x00007ffaf13c7000 	C:\Windows\System32\gdi32full.dll
0x00007ffaf0f80000 - 0x00007ffaf101d000 	C:\Windows\System32\msvcp_win.dll
0x00007ffad1be0000 - 0x00007ffad1bfb000 	C:\Program Files\Microsoft\jdk-17.0.8.7-hotspot\bin\VCRUNTIME140.dll
0x00007ffaefdc0000 - 0x00007ffaf005a000 	C:\Windows\WinSxS\amd64_microsoft.windows.common-controls_6595b64144ccf1df_6.0.19041.3636_none_60b6a03d71f818d5\COMCTL32.dll
0x00007ffaf1400000 - 0x00007ffaf149e000 	C:\Windows\System32\msvcrt.dll
0x00007ffaf1910000 - 0x00007ffaf1942000 	C:\Windows\System32\IMM32.DLL
0x00007ffada350000 - 0x00007ffada35c000 	C:\Program Files\Microsoft\jdk-17.0.8.7-hotspot\bin\vcruntime140_1.dll
0x00007ffac71a0000 - 0x00007ffac722d000 	C:\Program Files\Microsoft\jdk-17.0.8.7-hotspot\bin\msvcp140.dll
0x00007ffa9ab50000 - 0x00007ffa9b7b5000 	C:\Program Files\Microsoft\jdk-17.0.8.7-hotspot\bin\server\jvm.dll
0x00007ffaf1fa0000 - 0x00007ffaf2053000 	C:\Windows\System32\ADVAPI32.dll
0x00007ffaf1ea0000 - 0x00007ffaf1f3f000 	C:\Windows\System32\sechost.dll
0x00007ffaf2dc0000 - 0x00007ffaf2ee6000 	C:\Windows\System32\RPCRT4.dll
0x00007ffaf0be0000 - 0x00007ffaf0c07000 	C:\Windows\System32\bcrypt.dll
0x00007ffaf08b0000 - 0x00007ffaf08fb000 	C:\Windows\SYSTEM32\POWRPROF.dll
0x00007ffad67a0000 - 0x00007ffad67a9000 	C:\Windows\SYSTEM32\WSOCK32.dll
0x00007ffaebf50000 - 0x00007ffaebf77000 	C:\Windows\SYSTEM32\WINMM.dll
0x00007ffaf2ef0000 - 0x00007ffaf2f5b000 	C:\Windows\System32\WS2_32.dll
0x00007ffae03a0000 - 0x00007ffae03aa000 	C:\Windows\SYSTEM32\VERSION.dll
0x00007ffaf0890000 - 0x00007ffaf08a2000 	C:\Windows\SYSTEM32\UMPDC.dll
0x00007ffaee590000 - 0x00007ffaee5a2000 	C:\Windows\SYSTEM32\kernel.appcore.dll
0x00007ffad62a0000 - 0x00007ffad62aa000 	C:\Program Files\Microsoft\jdk-17.0.8.7-hotspot\bin\jimage.dll
0x00007ffaf01b0000 - 0x00007ffaf0394000 	C:\Windows\SYSTEM32\DBGHELP.DLL
0x00007ffaf0170000 - 0x00007ffaf01a4000 	C:\Windows\SYSTEM32\dbgcore.DLL
0x00007ffaf0b50000 - 0x00007ffaf0bd2000 	C:\Windows\System32\bcryptPrimitives.dll
0x00007ffac9d00000 - 0x00007ffac9d0e000 	C:\Program Files\Microsoft\jdk-17.0.8.7-hotspot\bin\instrument.dll
0x00007ffac5cc0000 - 0x00007ffac5ce5000 	C:\Program Files\Microsoft\jdk-17.0.8.7-hotspot\bin\java.dll
0x00007ffa9aa70000 - 0x00007ffa9ab47000 	C:\Program Files\Microsoft\jdk-17.0.8.7-hotspot\bin\jsvml.dll
0x00007ffaf2060000 - 0x00007ffaf27a5000 	C:\Windows\System32\SHELL32.dll
0x00007ffaedd30000 - 0x00007ffaee4cc000 	C:\Windows\SYSTEM32\windows.storage.dll
0x00007ffaf2ff0000 - 0x00007ffaf3344000 	C:\Windows\System32\combase.dll
0x00007ffaefd20000 - 0x00007ffaefd4e000 	C:\Windows\SYSTEM32\Wldp.dll
0x00007ffaf1520000 - 0x00007ffaf15ed000 	C:\Windows\System32\OLEAUT32.dll
0x00007ffaf1d30000 - 0x00007ffaf1ddd000 	C:\Windows\System32\SHCORE.dll
0x00007ffaf1950000 - 0x00007ffaf19a5000 	C:\Windows\System32\shlwapi.dll
0x00007ffaf0980000 - 0x00007ffaf09a5000 	C:\Windows\SYSTEM32\profapi.dll
0x00007ffac4790000 - 0x00007ffac47a8000 	C:\Program Files\Microsoft\jdk-17.0.8.7-hotspot\bin\zip.dll
0x00007ffac5ca0000 - 0x00007ffac5cb9000 	C:\Program Files\Microsoft\jdk-17.0.8.7-hotspot\bin\net.dll
0x00007ffae7670000 - 0x00007ffae777a000 	C:\Windows\SYSTEM32\WINHTTP.dll
0x00007ffaefbf0000 - 0x00007ffaefc5a000 	C:\Windows\system32\mswsock.dll
0x00007ffac4cc0000 - 0x00007ffac4cd6000 	C:\Program Files\Microsoft\jdk-17.0.8.7-hotspot\bin\nio.dll
0x00007ffaca750000 - 0x00007ffaca760000 	C:\Program Files\Microsoft\jdk-17.0.8.7-hotspot\bin\verify.dll
0x00007ffab5820000 - 0x00007ffab5847000 	C:\Users\Fast laptop\.gradle\native\68d5fa5c4cc2d200863cafc0d521ce42e7d3e7ee720ec0a83991735586a16f82\windows-amd64\native-platform.dll
0x00007ffa7a220000 - 0x00007ffa7a364000 	C:\Users\Fast laptop\.gradle\native\e376f236ea51e6404a007f0833ffe2c6e607c4080706a723a18a27aeea778392\windows-amd64\native-platform-file-events.dll
0x00007ffad43b0000 - 0x00007ffad43b9000 	C:\Program Files\Microsoft\jdk-17.0.8.7-hotspot\bin\management.dll
0x00007ffad1700000 - 0x00007ffad170b000 	C:\Program Files\Microsoft\jdk-17.0.8.7-hotspot\bin\management_ext.dll
0x00007ffaf19b0000 - 0x00007ffaf19b8000 	C:\Windows\System32\PSAPI.DLL
0x00007ffaf06f0000 - 0x00007ffaf0708000 	C:\Windows\SYSTEM32\CRYPTSP.dll
0x00007ffaef410000 - 0x00007ffaef444000 	C:\Windows\system32\rsaenh.dll
0x00007ffaf0940000 - 0x00007ffaf096e000 	C:\Windows\SYSTEM32\USERENV.dll
0x00007ffaefce0000 - 0x00007ffaefcec000 	C:\Windows\SYSTEM32\CRYPTBASE.dll
0x00007ffaef770000 - 0x00007ffaef7ab000 	C:\Windows\SYSTEM32\IPHLPAPI.DLL
0x00007ffaf1c40000 - 0x00007ffaf1c48000 	C:\Windows\System32\NSI.dll
0x00007ffae7da0000 - 0x00007ffae7db7000 	C:\Windows\SYSTEM32\dhcpcsvc6.DLL
0x00007ffae8ca0000 - 0x00007ffae8cbd000 	C:\Windows\SYSTEM32\dhcpcsvc.DLL
0x00007ffaef7b0000 - 0x00007ffaef87a000 	C:\Windows\SYSTEM32\DNSAPI.dll
0x00007ffad1670000 - 0x00007ffad167e000 	C:\Program Files\Microsoft\jdk-17.0.8.7-hotspot\bin\sunmscapi.dll
0x00007ffaf1120000 - 0x00007ffaf127d000 	C:\Windows\System32\CRYPT32.dll
0x00007ffaefd90000 - 0x00007ffaefdb8000 	C:\Windows\SYSTEM32\ncrypt.dll
0x00007ffaefd50000 - 0x00007ffaefd8b000 	C:\Windows\SYSTEM32\NTASN1.dll
0x00007ffad67c0000 - 0x00007ffad67c7000 	C:\Windows\system32\wshunix.dll
0x00007ffae68c0000 - 0x00007ffae68ca000 	C:\Windows\System32\rasadhlp.dll
0x00007ffae6730000 - 0x00007ffae67b0000 	C:\Windows\System32\fwpuclnt.dll
0x00007ffab6170000 - 0x00007ffab6187000 	C:\Windows\system32\napinsp.dll
0x00007ffab58a0000 - 0x00007ffab58bb000 	C:\Windows\system32\pnrpnsp.dll
0x00007ffad2740000 - 0x00007ffad2755000 	C:\Windows\system32\wshbth.dll
0x00007ffaeb230000 - 0x00007ffaeb24d000 	C:\Windows\system32\NLAapi.dll
0x00007ffab5880000 - 0x00007ffab5892000 	C:\Windows\System32\winrnr.dll

dbghelp: loaded successfully - version: 4.0.5 - missing functions: none
symbol engine: initialized successfully - sym options: 0x614 - pdb path: .;C:\Program Files\Microsoft\jdk-17.0.8.7-hotspot\bin;C:\Windows\SYSTEM32;C:\Windows\WinSxS\amd64_microsoft.windows.common-controls_6595b64144ccf1df_6.0.19041.3636_none_60b6a03d71f818d5;C:\Program Files\Microsoft\jdk-17.0.8.7-hotspot\bin\server;C:\Users\Fast laptop\.gradle\native\68d5fa5c4cc2d200863cafc0d521ce42e7d3e7ee720ec0a83991735586a16f82\windows-amd64;C:\Users\Fast laptop\.gradle\native\e376f236ea51e6404a007f0833ffe2c6e607c4080706a723a18a27aeea778392\windows-amd64

VM Arguments:
jvm_args: -XX:MaxMetaspaceSize=512m --add-opens=java.base/java.util=ALL-UNNAMED --add-opens=java.base/java.lang=ALL-UNNAMED --add-opens=java.base/java.lang.invoke=ALL-UNNAMED --add-opens=java.prefs/java.util.prefs=ALL-UNNAMED --add-opens=java.base/java.nio.charset=ALL-UNNAMED --add-opens=java.base/java.net=ALL-UNNAMED --add-opens=java.base/java.util.concurrent.atomic=ALL-UNNAMED -Xmx2048m -Dfile.encoding=windows-1252 -Duser.country=US -Duser.language=en -Duser.variant -javaagent:C:\Users\Fast laptop\.gradle\wrapper\dists\gradle-8.3-all\6en3ugtfdg5xnpx44z4qbwgas\gradle-8.3\lib\agents\gradle-instrumentation-agent-8.3.jar 
java_command: org.gradle.launcher.daemon.bootstrap.GradleDaemon 8.3
java_class_path (initial): C:\Users\Fast laptop\.gradle\wrapper\dists\gradle-8.3-all\6en3ugtfdg5xnpx44z4qbwgas\gradle-8.3\lib\gradle-launcher-8.3.jar
Launcher Type: SUN_STANDARD

[Global flags]
     intx CICompilerCount                          = 3                                         {product} {ergonomic}
   size_t CompressedClassSpaceSize                 = 436207616                                 {product} {ergonomic}
     uint ConcGCThreads                            = 1                                         {product} {ergonomic}
     uint G1ConcRefinementThreads                  = 4                                         {product} {ergonomic}
   size_t G1HeapRegionSize                         = 1048576                                   {product} {ergonomic}
    uintx GCDrainStackTargetSize                   = 64                                        {product} {ergonomic}
   size_t InitialHeapSize                          = 134217728                                 {product} {ergonomic}
   size_t MarkStackSize                            = 4194304                                   {product} {ergonomic}
   size_t MaxHeapSize                              = 2147483648                                {product} {command line}
   size_t MaxMetaspaceSize                         = 536870912                                 {product} {command line}
   size_t MaxNewSize                               = 1287651328                                {product} {ergonomic}
   size_t MinHeapDeltaBytes                        = 1048576                                   {product} {ergonomic}
   size_t MinHeapSize                              = 8388608                                   {product} {ergonomic}
    uintx NonNMethodCodeHeapSize                   = 5832780                                {pd product} {ergonomic}
    uintx NonProfiledCodeHeapSize                  = 122912730                              {pd product} {ergonomic}
    uintx ProfiledCodeHeapSize                     = 122912730                              {pd product} {ergonomic}
    uintx ReservedCodeCacheSize                    = 251658240                              {pd product} {ergonomic}
     bool SegmentedCodeCache                       = true                                      {product} {ergonomic}
   size_t SoftMaxHeapSize                          = 2147483648                             {manageable} {ergonomic}
     bool UseCompressedClassPointers               = true                           {product lp64_product} {ergonomic}
     bool UseCompressedOops                        = true                           {product lp64_product} {ergonomic}
     bool UseG1GC                                  = true                                      {product} {ergonomic}
     bool UseLargePagesIndividualAllocation        = false                                  {pd product} {ergonomic}

Logging:
Log output configuration:
 #0: stdout all=warning uptime,level,tags
 #1: stderr all=off uptime,level,tags

Environment Variables:
JAVA_HOME=C:\Program Files\Microsoft\jdk-17.0.8.7-hotspot\
CLASSPATH=F:\BootCamp\advanced\petAdoptionApplication\android\\gradle\wrapper\gradle-wrapper.jar
PATH=F:\BootCamp\advanced\petAdoptionApplication\node_modules\.bin;F:\BootCamp\advanced\petAdoptionApplication\node_modules\.bin;F:\BootCamp\advanced\node_modules\.bin;F:\BootCamp\node_modules\.bin;F:\node_modules\.bin;C:\Program Files\nodejs\node_modules\npm\node_modules\@npmcli\run-script\lib\node-gyp-bin;F:\BootCamp\advanced\petAdoptionApplication\node_modules\.bin;F:\BootCamp\advanced\node_modules\.bin;F:\BootCamp\node_modules\.bin;F:\node_modules\.bin;C:\Program Files\nodejs\node_modules\npm\node_modules\@npmcli\run-script\lib\node-gyp-bin;C:\Program Files\Microsoft\jdk-17.0.8.7-hotspot\bin;C:\Windows\system32;C:\Windows;C:\Windows\System32\Wbem;C:\Windows\System32\WindowsPowerShell\v1.0\;C:\Windows\System32\OpenSSH\;C:\Program Files\nodejs\;C:\Program Files\Git\cmd;C:\ProgramData\chocolatey\bin;C:\Users\Fast laptop\AppData\Local\Android\Sdk\platform-tools;C:\Users\Fast laptop\AppData\Local\Android\Sdk\platform-tools;C:\Users\Fast laptop\AppData\Local\Programs\Microsoft VS Code\bin
USERNAME=Fast laptop
LANG=en_US.UTF-8
OS=Windows_NT
PROCESSOR_IDENTIFIER=Intel64 Family 6 Model 69 Stepping 1, GenuineIntel
TMP=C:\Users\FASTLA~1\AppData\Local\Temp
TEMP=C:\Users\FASTLA~1\AppData\Local\Temp



---------------  S Y S T E M  ---------------

OS:
 Windows 10 , 64 bit Build 19041 (10.0.19041.3636)
OS uptime: 1 days 23:17 hours

CPU: total 4 (initial active 4) (2 cores per cpu, 2 threads per core) family 6 model 69 stepping 1 microcode 0x25, cx8, cmov, fxsr, ht, mmx, sse, sse2, sse3, ssse3, sse4.1, sse4.2, popcnt, lzcnt, tsc, tscinvbit, avx, avx2, aes, erms, clmul, bmi1, bmi2, fma, vzeroupper, clflush
Processor Information for all 4 processors :
  Max Mhz: 2501, Current Mhz: 1900, Mhz Limit: 1875

Memory: 4k page, system-wide physical 8089M (493M free)
TotalPageFile size 14952M (AvailPageFile size 3343M)
current process WorkingSet (physical memory assigned to process): 606M, peak: 610M
current process commit charge ("private bytes"): 646M, peak: 650M

vm_info: OpenJDK 64-Bit Server VM (17.0.8+7-LTS) for windows-amd64 JRE (17.0.8+7-LTS), built on Jul  7 2023 17:21:55 by "MicrosoftCorporation" with MS VC++ 16.10 / 16.11 (VS2019)

END.
